SF:C:\Repo\NbToolsF\Niobium.Html\Niobium.Html\CsvTool.cs
FN:17,System.Boolean Niobium.Html.CsvTool/<DeCsvLine>d__3::MoveNext()
FNDA:4,System.Boolean Niobium.Html.CsvTool/<DeCsvLine>d__3::MoveNext()
DA:18,4
DA:19,4
DA:20,0
DA:22,4
DA:23,4
DA:25,4
DA:27,67
DA:28,63
DA:29,63
DA:31,63
DA:34,13
DA:35,3
DA:36,10
DA:37,1
DA:39,9
DA:40,9
DA:41,9
DA:42,9
DA:43,13
DA:45,33
DA:46,8
DA:47,8
DA:48,8
DA:49,8
DA:50,8
DA:52,25
DA:53,33
DA:56,17
DA:57,3
DA:58,3
DA:59,3
DA:60,0
DA:61,3
DA:62,0
DA:63,0
DA:64,0
DA:65,0
DA:66,3
DA:67,3
DA:69,0
DA:71,0
DA:72,0
DA:73,3
DA:75,14
DA:76,17
DA:78,63
DA:79,4
DA:80,2
BRDA:19,74,0,0
BRDA:19,74,1,4
BRDA:27,671,1,63
BRDA:31,170,1,13
BRDA:34,209,0,3
BRDA:34,209,1,10
BRDA:36,241,0,1
BRDA:36,241,1,9
BRDA:31,170,2,33
BRDA:45,331,0,8
BRDA:47,341,0,0
BRDA:47,341,1,8
BRDA:45,331,1,25
BRDA:31,170,3,17
BRDA:56,461,0,3
BRDA:59,497,1,3
BRDA:61,526,0,0
BRDA:61,526,1,3
BRDA:66,584,0,3
BRDA:66,584,1,0
BRDA:56,461,1,14
BRDA:31,170,0,63
BRDA:59,497,0,63
BRDA:27,671,0,4
BRDA:79,683,0,0
BRDA:79,683,1,4
LF:48
LH:39
BRF:26
BRH:21
FNF:1
FNH:1
end_of_record
SF:C:\Repo\NbToolsF\Niobium.Html\Niobium.Html\Helpers.cs
FN:11,System.Boolean Niobium.Html.Helpers::Match(System.Collections.Generic.Stack`1<System.String>,System.String[])
FNDA:26,System.Boolean Niobium.Html.Helpers::Match(System.Collections.Generic.Stack`1<System.String>,System.String[])
DA:12,26
DA:13,26
DA:14,133
DA:15,38
DA:16,38
DA:17,2
DA:19,36
DA:20,19
DA:22,17
DA:23,17
DA:24,7
DA:25,26
BRDA:14,68,1,38
BRDA:16,32,1,36
BRDA:19,49,0,19
BRDA:19,49,1,17
BRDA:16,32,0,7
BRDA:14,68,0,7
LF:12
LH:12
BRF:6
BRH:6
FNF:1
FNH:1
end_of_record
SF:C:\Repo\NbToolsF\Niobium.Html\Niobium.Html\HTag.cs
FN:7,System.Boolean Niobium.Html.XTag::TryAdd(Niobium.Html.NCssAttrib)
FNDA:2,System.Boolean Niobium.Html.XTag::TryAdd(Niobium.Html.NCssAttrib)
DA:8,2
FN:14,Niobium.Html.ITag Niobium.Html.XTag::a(System.String,System.String)
FNDA:0,Niobium.Html.ITag Niobium.Html.XTag::a(System.String,System.String)
DA:15,0
FN:15,Niobium.Html.ITag Niobium.Html.XTag::a(System.String,System.Func`2<Niobium.Html.XTag,Niobium.Html.ITag>)
FNDA:0,Niobium.Html.ITag Niobium.Html.XTag::a(System.String,System.Func`2<Niobium.Html.XTag,Niobium.Html.ITag>)
DA:16,0
FN:16,Niobium.Html.ITag Niobium.Html.XTag::a(System.String,System.String,System.Func`2<Niobium.Html.XTag,Niobium.Html.ITag>)
FNDA:0,Niobium.Html.ITag Niobium.Html.XTag::a(System.String,System.String,System.Func`2<Niobium.Html.XTag,Niobium.Html.ITag>)
DA:17,0
FN:17,Niobium.Html.ITag Niobium.Html.XTag::a(System.String,System.String,System.String,System.Func`2<Niobium.Html.XTag,Niobium.Html.ITag>)
FNDA:0,Niobium.Html.ITag Niobium.Html.XTag::a(System.String,System.String,System.String,System.Func`2<Niobium.Html.XTag,Niobium.Html.ITag>)
DA:18,0
FN:18,Niobium.Html.ITag Niobium.Html.XTag::a(System.String,Niobium.Html.NCssAttrib,System.Func`2<Niobium.Html.XTag,Niobium.Html.ITag>)
FNDA:0,Niobium.Html.ITag Niobium.Html.XTag::a(System.String,Niobium.Html.NCssAttrib,System.Func`2<Niobium.Html.XTag,Niobium.Html.ITag>)
DA:19,0
FN:19,Niobium.Html.ITag Niobium.Html.XTag::a(System.String,Niobium.Html.NCssAttrib,System.String,System.Func`2<Niobium.Html.XTag,Niobium.Html.ITag>)
FNDA:0,Niobium.Html.ITag Niobium.Html.XTag::a(System.String,Niobium.Html.NCssAttrib,System.String,System.Func`2<Niobium.Html.XTag,Niobium.Html.ITag>)
DA:20,0
FN:21,Niobium.Html.ITag Niobium.Html.XTag::img(System.String,System.String)
FNDA:0,Niobium.Html.ITag Niobium.Html.XTag::img(System.String,System.String)
DA:22,0
FN:22,Niobium.Html.ITag Niobium.Html.XTag::img(Niobium.Html.NCssAttrib,System.String)
FNDA:4,Niobium.Html.ITag Niobium.Html.XTag::img(Niobium.Html.NCssAttrib,System.String)
DA:23,4
FN:24,Niobium.Html.ITag Niobium.Html.XTag::br()
FNDA:0,Niobium.Html.ITag Niobium.Html.XTag::br()
DA:25,0
FN:26,Niobium.Html.ITag Niobium.Html.XTag::div(System.Func`2<Niobium.Html.XTag,Niobium.Html.ITag>)
FNDA:0,Niobium.Html.ITag Niobium.Html.XTag::div(System.Func`2<Niobium.Html.XTag,Niobium.Html.ITag>)
DA:27,0
FN:27,Niobium.Html.ITag Niobium.Html.XTag::div(System.String,System.Func`2<Niobium.Html.XTag,Niobium.Html.ITag>)
FNDA:0,Niobium.Html.ITag Niobium.Html.XTag::div(System.String,System.Func`2<Niobium.Html.XTag,Niobium.Html.ITag>)
DA:28,0
FN:28,Niobium.Html.ITag Niobium.Html.XTag::div(Niobium.Html.NCssAttrib,System.Func`2<Niobium.Html.XTag,Niobium.Html.ITag>)
FNDA:0,Niobium.Html.ITag Niobium.Html.XTag::div(Niobium.Html.NCssAttrib,System.Func`2<Niobium.Html.XTag,Niobium.Html.ITag>)
DA:29,0
FN:30,Niobium.Html.ITag Niobium.Html.XTag::form(System.String,System.Func`2<Niobium.Html.XTag,Niobium.Html.ITag>,System.String)
FNDA:0,Niobium.Html.ITag Niobium.Html.XTag::form(System.String,System.Func`2<Niobium.Html.XTag,Niobium.Html.ITag>,System.String)
DA:31,0
FN:32,Niobium.Html.ITag Niobium.Html.XTag::input(Niobium.Html.ITag/InputType,System.String,System.String)
FNDA:0,Niobium.Html.ITag Niobium.Html.XTag::input(Niobium.Html.ITag/InputType,System.String,System.String)
DA:33,0
FN:34,Niobium.Html.ITag Niobium.Html.XTag::inputWithLabel(Niobium.Html.ITag/InputType,System.String,System.String)
FNDA:0,Niobium.Html.ITag Niobium.Html.XTag::inputWithLabel(Niobium.Html.ITag/InputType,System.String,System.String)
DA:35,0
DA:36,0
DA:37,0
DA:38,0
FN:39,Niobium.Html.ITag Niobium.Html.XTag::p(System.Func`2<Niobium.Html.XTag,Niobium.Html.ITag>)
FNDA:0,Niobium.Html.ITag Niobium.Html.XTag::p(System.Func`2<Niobium.Html.XTag,Niobium.Html.ITag>)
DA:40,0
FN:40,Niobium.Html.ITag Niobium.Html.XTag::h1(System.Func`2<Niobium.Html.XTag,Niobium.Html.ITag>)
FNDA:0,Niobium.Html.ITag Niobium.Html.XTag::h1(System.Func`2<Niobium.Html.XTag,Niobium.Html.ITag>)
DA:41,0
FN:41,Niobium.Html.ITag Niobium.Html.XTag::h2(System.Func`2<Niobium.Html.XTag,Niobium.Html.ITag>)
FNDA:0,Niobium.Html.ITag Niobium.Html.XTag::h2(System.Func`2<Niobium.Html.XTag,Niobium.Html.ITag>)
DA:42,0
FN:42,Niobium.Html.ITag Niobium.Html.XTag::h3(System.Func`2<Niobium.Html.XTag,Niobium.Html.ITag>)
FNDA:0,Niobium.Html.ITag Niobium.Html.XTag::h3(System.Func`2<Niobium.Html.XTag,Niobium.Html.ITag>)
DA:43,0
FN:44,Niobium.Html.ITag Niobium.Html.XTag::p(System.String)
FNDA:2,Niobium.Html.ITag Niobium.Html.XTag::p(System.String)
DA:45,2
FN:45,Niobium.Html.ITag Niobium.Html.XTag::h1(System.String)
FNDA:2,Niobium.Html.ITag Niobium.Html.XTag::h1(System.String)
DA:46,2
FN:46,Niobium.Html.ITag Niobium.Html.XTag::h2(System.String)
FNDA:0,Niobium.Html.ITag Niobium.Html.XTag::h2(System.String)
DA:47,0
FN:47,Niobium.Html.ITag Niobium.Html.XTag::h3(System.String)
FNDA:0,Niobium.Html.ITag Niobium.Html.XTag::h3(System.String)
DA:48,0
FN:49,Niobium.Html.ITag Niobium.Html.XTag::span(System.String,System.Func`2<Niobium.Html.XTag,Niobium.Html.ITag>)
FNDA:0,Niobium.Html.ITag Niobium.Html.XTag::span(System.String,System.Func`2<Niobium.Html.XTag,Niobium.Html.ITag>)
DA:50,0
FN:50,Niobium.Html.ITag Niobium.Html.XTag::span(Niobium.Html.NCssAttrib,System.Func`2<Niobium.Html.XTag,Niobium.Html.ITag>)
FNDA:0,Niobium.Html.ITag Niobium.Html.XTag::span(Niobium.Html.NCssAttrib,System.Func`2<Niobium.Html.XTag,Niobium.Html.ITag>)
DA:51,0
FN:51,Niobium.Html.ITag Niobium.Html.XTag::span(System.String,System.String)
FNDA:0,Niobium.Html.ITag Niobium.Html.XTag::span(System.String,System.String)
DA:52,0
FN:52,Niobium.Html.ITag Niobium.Html.XTag::span(Niobium.Html.NCssAttrib,System.String)
FNDA:0,Niobium.Html.ITag Niobium.Html.XTag::span(Niobium.Html.NCssAttrib,System.String)
DA:53,0
FN:54,Niobium.Html.ITag Niobium.Html.XTag::nav(System.Func`2<Niobium.Html.XTag,Niobium.Html.ITag>)
FNDA:0,Niobium.Html.ITag Niobium.Html.XTag::nav(System.Func`2<Niobium.Html.XTag,Niobium.Html.ITag>)
DA:55,0
FN:55,Niobium.Html.ITag Niobium.Html.XTag::ul(System.Func`2<Niobium.Html.XTag,Niobium.Html.ITag>)
FNDA:0,Niobium.Html.ITag Niobium.Html.XTag::ul(System.Func`2<Niobium.Html.XTag,Niobium.Html.ITag>)
DA:56,0
FN:56,Niobium.Html.ITag Niobium.Html.XTag::li(System.Func`2<Niobium.Html.XTag,Niobium.Html.ITag>)
FNDA:0,Niobium.Html.ITag Niobium.Html.XTag::li(System.Func`2<Niobium.Html.XTag,Niobium.Html.ITag>)
DA:57,0
FN:58,Niobium.Html.ITag Niobium.Html.XTag::nav(System.String,System.Func`2<Niobium.Html.XTag,Niobium.Html.ITag>)
FNDA:0,Niobium.Html.ITag Niobium.Html.XTag::nav(System.String,System.Func`2<Niobium.Html.XTag,Niobium.Html.ITag>)
DA:59,0
FN:59,Niobium.Html.ITag Niobium.Html.XTag::ul(System.String,System.Func`2<Niobium.Html.XTag,Niobium.Html.ITag>)
FNDA:0,Niobium.Html.ITag Niobium.Html.XTag::ul(System.String,System.Func`2<Niobium.Html.XTag,Niobium.Html.ITag>)
DA:60,0
FN:60,Niobium.Html.ITag Niobium.Html.XTag::li(System.String,System.Func`2<Niobium.Html.XTag,Niobium.Html.ITag>)
FNDA:0,Niobium.Html.ITag Niobium.Html.XTag::li(System.String,System.Func`2<Niobium.Html.XTag,Niobium.Html.ITag>)
DA:61,0
FN:62,Niobium.Html.ITag Niobium.Html.XTag::nav(Niobium.Html.NCssAttrib,System.Func`2<Niobium.Html.XTag,Niobium.Html.ITag>)
FNDA:0,Niobium.Html.ITag Niobium.Html.XTag::nav(Niobium.Html.NCssAttrib,System.Func`2<Niobium.Html.XTag,Niobium.Html.ITag>)
DA:63,0
FN:63,Niobium.Html.ITag Niobium.Html.XTag::ul(Niobium.Html.NCssAttrib,System.Func`2<Niobium.Html.XTag,Niobium.Html.ITag>)
FNDA:0,Niobium.Html.ITag Niobium.Html.XTag::ul(Niobium.Html.NCssAttrib,System.Func`2<Niobium.Html.XTag,Niobium.Html.ITag>)
DA:64,0
FN:64,Niobium.Html.ITag Niobium.Html.XTag::li(Niobium.Html.NCssAttrib,System.Func`2<Niobium.Html.XTag,Niobium.Html.ITag>)
FNDA:0,Niobium.Html.ITag Niobium.Html.XTag::li(Niobium.Html.NCssAttrib,System.Func`2<Niobium.Html.XTag,Niobium.Html.ITag>)
DA:65,0
FN:66,Niobium.Html.ITag Niobium.Html.XTag::script(System.Uri)
FNDA:0,Niobium.Html.ITag Niobium.Html.XTag::script(System.Uri)
DA:67,0
FN:67,Niobium.Html.ITag Niobium.Html.XTag::script(System.String)
FNDA:0,Niobium.Html.ITag Niobium.Html.XTag::script(System.String)
DA:68,0
FN:5,System.Void Niobium.Html.XTag::.ctor(System.IO.TextWriter,Niobium.Html.NHeader,System.Int32)
FNDA:12,System.Void Niobium.Html.XTag::.ctor(System.IO.TextWriter,Niobium.Html.NHeader,System.Int32)
DA:6,12
LF:43
LH:5
BRF:0
BRH:0
FNF:40
FNH:5
end_of_record
SF:C:\Repo\NbToolsF\Niobium.Html\Niobium.Html\XTag.cs
FN:97,Niobium.Html.XTag Niobium.Html.XTag::get_Item(Niobium.Html.NCssAttrib)
FNDA:2,Niobium.Html.XTag Niobium.Html.XTag::get_Item(Niobium.Html.NCssAttrib)
DA:98,2
DA:99,2
DA:100,0
DA:102,2
DA:103,2
DA:104,2
BRDA:99,10,0,0
BRDA:99,10,1,2
FN:107,System.Void Niobium.Html.XTag::SetSubtags(Niobium.Html.XTag/TagContents)
FNDA:293,System.Void Niobium.Html.XTag::SetSubtags(Niobium.Html.XTag/TagContents)
DA:108,293
DA:109,293
DA:110,279
DA:111,293
BRDA:109,16,0,279
BRDA:109,16,1,293
FN:115,Niobium.Html.XTag Niobium.Html.XTag::get_Item(System.String,System.String)
FNDA:17,Niobium.Html.XTag Niobium.Html.XTag::get_Item(System.String,System.String)
DA:116,17
DA:117,17
DA:118,2
DA:121,15
DA:122,15
DA:123,17
BRDA:117,7,0,2
BRDA:117,7,1,15
FN:127,Niobium.Html.ITag Niobium.Html.XTag::Html(System.String)
FNDA:0,Niobium.Html.ITag Niobium.Html.XTag::Html(System.String)
DA:128,0
FN:130,Niobium.Html.ITag Niobium.Html.XTag::Text(System.String,System.Boolean)
FNDA:45,Niobium.Html.ITag Niobium.Html.XTag::Text(System.String,System.Boolean)
DA:131,45
DA:132,45
DA:133,0
DA:135,45
DA:137,45
DA:138,45
DA:140,45
DA:141,45
DA:142,45
DA:143,45
DA:144,45
BRDA:132,7,0,0
BRDA:132,7,1,45
BRDA:138,42,0,45
BRDA:138,42,1,0
BRDA:140,60,0,45
BRDA:140,60,1,45
BRDA:142,83,0,0
BRDA:142,83,1,45
FN:146,Niobium.Html.ITag Niobium.Html.XTag::T(System.String,System.String)
FNDA:55,Niobium.Html.ITag Niobium.Html.XTag::T(System.String,System.String)
DA:147,55
DA:148,55
DA:150,55
DA:151,55
DA:153,55
DA:154,55
DA:155,55
DA:157,55
DA:158,0
DA:160,55
DA:161,55
BRDA:150,25,0,55
BRDA:150,25,1,55
BRDA:157,115,0,0
BRDA:157,115,1,55
FN:164,Niobium.Html.ITag Niobium.Html.XTag::T(System.String,System.Func`2<Niobium.Html.XTag,Niobium.Html.ITag>)
FNDA:192,Niobium.Html.ITag Niobium.Html.XTag::T(System.String,System.Func`2<Niobium.Html.XTag,Niobium.Html.ITag>)
DA:165,192
DA:166,192
DA:168,192
DA:169,179
DA:171,192
DA:173,192
DA:174,178
DA:175,178
DA:176,178
DA:177,178
DA:178,178
DA:181,178
DA:182,178
DA:184,14
DA:186,192
DA:187,13
DA:189,192
DA:190,192
BRDA:168,25,0,179
BRDA:168,25,1,192
BRDA:173,64,0,178
BRDA:173,64,1,14
BRDA:186,157,0,13
BRDA:186,157,1,192
FN:192,Niobium.Html.ITag Niobium.Html.XTag::Ts(System.String,System.Func`2<Niobium.Html.XTag,Niobium.Html.ITag>[])
FNDA:1,Niobium.Html.ITag Niobium.Html.XTag::Ts(System.String,System.Func`2<Niobium.Html.XTag,Niobium.Html.ITag>[])
DA:193,1
DA:194,1
DA:196,1
DA:197,0
DA:199,1
DA:201,1
DA:202,1
DA:203,1
DA:204,11
DA:205,4
DA:206,4
DA:207,4
DA:208,4
DA:209,4
DA:210,1
DA:212,1
DA:213,1
DA:214,1
DA:216,0
DA:218,1
DA:219,1
DA:221,1
DA:222,1
BRDA:196,25,0,0
BRDA:196,25,1,1
BRDA:201,59,0,0
BRDA:201,59,1,1
BRDA:201,71,0,1
BRDA:204,145,1,4
BRDA:204,145,0,1
BRDA:201,71,1,0
BRDA:218,212,0,1
BRDA:218,212,1,1
FN:225,System.Void Niobium.Html.XTag::ClosingTagChoice(System.String)
FNDA:178,System.Void Niobium.Html.XTag::ClosingTagChoice(System.String)
DA:226,178
DA:228,178
DA:229,178
DA:232,6
DA:233,6
DA:236,127
DA:237,127
DA:238,127
DA:241,45
DA:242,45
DA:245,0
DA:246,0
DA:247,0
DA:250,0
DA:252,178
BRDA:229,18,1,6
BRDA:229,18,2,127
BRDA:229,18,3,45
BRDA:229,18,4,0
BRDA:229,18,0,0
FN:254,Niobium.Html.ITag Niobium.Html.XTag::Empty()
FNDA:4,Niobium.Html.ITag Niobium.Html.XTag::Empty()
DA:255,4
FN:257,System.Void Niobium.Html.XTag::CloseAndIndent(System.Boolean)
FNDA:362,System.Void Niobium.Html.XTag::CloseAndIndent(System.Boolean)
DA:258,362
DA:259,362
DA:260,362
DA:261,8172
DA:262,3724
DA:263,362
BRDA:259,4,0,362
BRDA:259,4,1,362
BRDA:261,56,1,3724
BRDA:261,56,0,362
FN:265,System.Void Niobium.Html.XTag::ClosingTag(System.String)
FNDA:173,System.Void Niobium.Html.XTag::ClosingTag(System.String)
DA:266,173
DA:267,173
DA:268,173
DA:269,173
FN:84,System.Void Niobium.Html.XTag::.ctor(System.IO.TextWriter,System.Int32)
FNDA:14,System.Void Niobium.Html.XTag::.ctor(System.IO.TextWriter,System.Int32)
DA:85,14
DA:89,14
DA:90,14
DA:93,14
FN:35,Niobium.Html.ITag Niobium.Html.ITag::inputWithLabel(Niobium.Html.ITag/InputType,System.String,System.String)
FNDA:0,Niobium.Html.ITag Niobium.Html.ITag::inputWithLabel(Niobium.Html.ITag/InputType,System.String,System.String)
DA:36,0
DA:37,0
DA:38,0
DA:39,0
LF:114
LH:100
BRF:43
BRH:33
FNF:14
FNH:12
end_of_record
SF:C:\Repo\NbToolsF\Niobium.Html\Niobium.Html\HtmlTag.cs
FN:78,System.Threading.Tasks.Task`1<Niobium.Html.Async.IATag> Niobium.Html.HtmlTag::HtmlHeader(Niobium.Html.Async.ATag,Niobium.Html.HtmlParam,Niobium.Html.NHeader)
FNDA:6,System.Threading.Tasks.Task`1<Niobium.Html.Async.IATag> Niobium.Html.HtmlTag::HtmlHeader(Niobium.Html.Async.ATag,Niobium.Html.HtmlParam,Niobium.Html.NHeader)
DA:79,6
DA:80,6
DA:81,6
DA:82,6
DA:83,12
DA:84,12
DA:85,6
DA:86,6
DA:87,0
DA:88,0
DA:89,0
DA:90,0
DA:91,0
DA:92,6
DA:93,22
DA:94,2
DA:95,6
DA:96,6
DA:97,0
DA:98,6
DA:99,6
DA:100,6
DA:101,6
DA:102,12
DA:103,6
DA:104,6
DA:105,6
DA:106,6
DA:107,6
DA:108,6
DA:109,12
FN:43,System.Threading.Tasks.Task`1<Niobium.Html.Async.IATag> Niobium.Html.HtmlTag/<>c__DisplayClass2_0::<StreamHtmlPageAsync>b__0(Niobium.Html.Async.ATag)
FNDA:0,System.Threading.Tasks.Task`1<Niobium.Html.Async.IATag> Niobium.Html.HtmlTag/<>c__DisplayClass2_0::<StreamHtmlPageAsync>b__0(Niobium.Html.Async.ATag)
DA:44,0
DA:45,0
DA:46,0
FN:37,System.Void Niobium.Html.HtmlTag/<>c__DisplayClass2_0/<<StreamHtmlPageAsync>b__1>d::MoveNext()
FNDA:0,System.Void Niobium.Html.HtmlTag/<>c__DisplayClass2_0/<<StreamHtmlPageAsync>b__1>d::MoveNext()
DA:38,0
FN:67,System.Void Niobium.Html.HtmlTag/<>c__DisplayClass3_0/<<StreamHtmlPage>b__0>d::MoveNext()
FNDA:6,System.Void Niobium.Html.HtmlTag/<>c__DisplayClass3_0/<<StreamHtmlPage>b__0>d::MoveNext()
DA:68,6
DA:69,6
DA:70,20
DA:71,1
DA:72,6
DA:73,12
BRDA:70,358,1,1
BRDA:70,358,0,6
FN:7,System.Void Niobium.Html.HtmlTag/<HtmlPage2String>d__0::MoveNext()
FNDA:6,System.Void Niobium.Html.HtmlTag/<HtmlPage2String>d__0::MoveNext()
DA:8,6
DA:9,6
DA:10,6
DA:11,6
DA:12,6
FN:14,System.Void Niobium.Html.HtmlTag/<HtmlPage2StringAsync>d__1::MoveNext()
FNDA:0,System.Void Niobium.Html.HtmlTag/<HtmlPage2StringAsync>d__1::MoveNext()
DA:15,0
DA:17,0
DA:18,0
DA:19,0
DA:20,0
DA:21,0
DA:22,0
DA:23,0
DA:24,0
DA:26,0
BRDA:20,228,0,0
BRDA:20,228,1,0
FN:51,System.Void Niobium.Html.HtmlTag/<StreamHtmlPage>d__3::MoveNext()
FNDA:6,System.Void Niobium.Html.HtmlTag/<StreamHtmlPage>d__3::MoveNext()
DA:52,6
DA:54,6
DA:55,6
DA:56,0
DA:59,6
DA:60,6
DA:61,6
DA:62,6
DA:64,6
DA:65,6
DA:66,6
DA:67,6
DA:74,6
BRDA:55,93,0,0
BRDA:55,93,1,6
BRDA:59,129,0,5
BRDA:59,129,1,6
FN:28,System.Void Niobium.Html.HtmlTag/<StreamHtmlPageAsync>d__2::MoveNext()
FNDA:0,System.Void Niobium.Html.HtmlTag/<StreamHtmlPageAsync>d__2::MoveNext()
DA:29,0
DA:31,0
DA:32,0
DA:33,0
DA:36,0
DA:37,0
DA:39,0
DA:41,0
DA:42,0
DA:43,0
DA:47,0
DA:48,0
BRDA:32,124,0,0
BRDA:32,124,1,0
BRDA:36,160,0,0
BRDA:36,160,1,0
FN:115,System.String Niobium.Html.HtmlParam::get_Title()
FNDA:36,System.String Niobium.Html.HtmlParam::get_Title()
DA:116,36
FN:117,System.String Niobium.Html.HtmlFileName::get_Directory()
FNDA:0,System.String Niobium.Html.HtmlFileName::get_Directory()
DA:118,0
FN:119,System.String Niobium.Html.HtmlFileName::get_HtmlFileJustName()
FNDA:0,System.String Niobium.Html.HtmlFileName::get_HtmlFileJustName()
DA:120,0
BRDA:120,26,0,0
BRDA:120,26,1,0
FN:120,System.String Niobium.Html.HtmlFileName::get_HtmlFileFullName()
FNDA:0,System.String Niobium.Html.HtmlFileName::get_HtmlFileFullName()
DA:121,0
LF:85
LH:49
BRF:26
BRH:13
FNF:12
FNH:5
end_of_record
SF:C:\Repo\NbToolsF\Niobium.Html\Niobium.Html\JsonMatrix.cs
FN:8,System.Void Niobium.Html.JsonMatrix::AddJArray(Newtonsoft.Json.Linq.JArray)
FNDA:1,System.Void Niobium.Html.JsonMatrix::AddJArray(Newtonsoft.Json.Linq.JArray)
DA:9,1
FN:11,System.Void Niobium.Html.JsonMatrix::AddJTokens(System.Collections.Generic.IEnumerable`1<Newtonsoft.Json.Linq.JToken>)
FNDA:1,System.Void Niobium.Html.JsonMatrix::AddJTokens(System.Collections.Generic.IEnumerable`1<Newtonsoft.Json.Linq.JToken>)
DA:12,1
DA:13,9
DA:14,3
DA:15,3
DA:16,0
DA:18,3
DA:19,21
DA:20,6
DA:21,6
DA:22,0
DA:25,6
DA:29,6
DA:30,3
DA:31,3
DA:32,1
BRDA:13,228,1,3
BRDA:15,40,0,0
BRDA:15,40,1,3
BRDA:19,196,1,6
BRDA:21,131,0,0
BRDA:21,131,1,6
BRDA:19,196,0,3
BRDA:13,228,0,1
FN:34,System.Void Niobium.Html.JsonMatrix::ToHtml(Niobium.Html.XTag,System.Func`3<Niobium.Html.JsonMatrix,System.Int32,System.Boolean>)
FNDA:0,System.Void Niobium.Html.JsonMatrix::ToHtml(Niobium.Html.XTag,System.Func`3<Niobium.Html.JsonMatrix,System.Int32,System.Boolean>)
DA:35,0
DA:36,0
DA:37,0
DA:38,0
DA:39,0
DA:40,0
DA:41,0
DA:42,0
DA:43,0
DA:44,0
BRDA:38,159,1,0
BRDA:40,65,0,0
BRDA:40,65,1,0
BRDA:40,90,0,0
BRDA:40,90,1,0
BRDA:38,159,0,0
FN:46,Niobium.Html.ITag Niobium.Html.JsonMatrix::ToHtml(Niobium.Html.XTag)
FNDA:1,Niobium.Html.ITag Niobium.Html.JsonMatrix::ToHtml(Niobium.Html.XTag)
DA:47,1
DA:49,1
DA:50,1
DA:51,1
DA:52,8
DA:53,6
DA:54,1
DA:55,2
DA:58,1
DA:59,0
DA:60,0
DA:61,0
DA:62,0
DA:63,0
DA:64,0
DA:65,0
DA:66,0
DA:67,0
DA:68,0
DA:69,0
DA:70,0
DA:71,0
DA:72,0
DA:73,0
DA:74,0
DA:75,0
DA:76,0
DA:77,0
DA:78,0
DA:79,0
DA:80,0
DA:81,0
DA:82,0
DA:83,0
DA:84,0
DA:85,0
DA:86,0
DA:87,0
DA:88,0
DA:89,1
DA:90,1
BRDA:58,66,0,0
BRDA:58,66,1,1
BRDA:52,123,1,3
BRDA:52,123,0,1
BRDA:65,189,1,0
BRDA:65,189,0,0
BRDA:70,30,0,0
BRDA:70,30,1,0
FN:93,Niobium.Html.ITag Niobium.Html.JsonMatrix::HtmlHeaders(Niobium.Html.XTag)
FNDA:1,Niobium.Html.ITag Niobium.Html.JsonMatrix::HtmlHeaders(Niobium.Html.XTag)
DA:94,1
DA:95,7
DA:96,2
DA:97,1
DA:98,1
BRDA:95,49,1,2
BRDA:95,49,0,1
FN:100,Niobium.Html.ITag Niobium.Html.JsonMatrix::HtmlRow(Niobium.Html.XTag,System.Int32)
FNDA:3,Niobium.Html.ITag Niobium.Html.JsonMatrix::HtmlRow(Niobium.Html.XTag,System.Int32)
DA:101,3
DA:102,21
DA:103,6
DA:104,6
DA:105,6
DA:106,6
DA:107,6
DA:109,6
DA:110,6
DA:111,12
DA:112,6
DA:113,18
DA:114,6
DA:116,0
DA:117,6
DA:118,3
DA:119,3
BRDA:102,255,1,6
BRDA:104,68,0,0
BRDA:104,68,1,6
BRDA:105,97,0,6
BRDA:105,97,1,0
BRDA:102,255,0,3
FN:6,System.Void Niobium.Html.JsonMatrix::.ctor(System.String[],System.String[],System.Func`2<System.Object,System.String>,System.Collections.Generic.Stack`1<System.String>,Niobium.Html.HtmlInterceptor`1<System.String>)
FNDA:1,System.Void Niobium.Html.JsonMatrix::.ctor(System.String[],System.String[],System.Func`2<System.Object,System.String>,System.Collections.Generic.Stack`1<System.String>,Niobium.Html.HtmlInterceptor`1<System.String>)
DA:7,1
LF:90
LH:47
BRF:30
BRH:15
FNF:7
FNH:6
end_of_record
SF:C:\Repo\NbToolsF\Niobium.Html\Niobium.Html\JsonObject.cs
FN:13,Niobium.Html.ITag Niobium.Html.JsonObject::Convert(Newtonsoft.Json.Linq.JToken,Niobium.Html.XTag)
FNDA:62,Niobium.Html.ITag Niobium.Html.JsonObject::Convert(Newtonsoft.Json.Linq.JToken,Niobium.Html.XTag)
DA:14,62
DA:15,62
DA:16,19
DA:17,19
DA:18,19
DA:19,19
DA:20,151
DA:21,47
DA:22,47
DA:23,47
DA:24,47
DA:25,47
DA:26,47
DA:27,47
DA:28,47
DA:29,47
DA:30,47
DA:31,94
DA:32,47
DA:33,141
DA:34,47
DA:35,94
DA:36,47
DA:37,19
DA:38,0
DA:39,47
DA:40,19
DA:41,38
DA:42,19
DA:43,43
DA:44,39
DA:45,39
DA:46,39
DA:47,39
DA:48,39
DA:49,38
DA:50,39
DA:51,39
DA:52,4
DA:53,4
DA:54,4
DA:55,0
DA:56,0
DA:57,0
DA:58,0
DA:60,4
DA:61,10
DA:62,1
DA:63,1
DA:64,1
DA:65,1
DA:66,1
DA:68,3
DA:69,3
DA:70,21
DA:71,6
DA:72,12
DA:73,6
DA:74,6
DA:75,6
DA:76,6
DA:77,18
DA:78,6
DA:79,3
DA:80,6
DA:81,4
DA:82,4
DA:84,0
DA:85,62
DA:86,62
BRDA:15,37,0,19
BRDA:17,58,0,19
BRDA:17,58,1,19
BRDA:15,37,1,43
BRDA:43,105,0,39
BRDA:45,122,0,39
BRDA:47,132,0,0
BRDA:47,132,1,39
BRDA:48,152,0,28
BRDA:48,152,1,11
BRDA:48,179,0,38
BRDA:49,185,0,0
BRDA:49,185,1,38
BRDA:48,179,1,39
BRDA:45,122,1,39
BRDA:43,105,1,4
BRDA:52,249,0,4
BRDA:54,284,0,0
BRDA:54,284,1,4
BRDA:61,401,0,1
BRDA:61,401,1,3
BRDA:52,249,1,0
BRDA:20,170,1,47
BRDA:22,94,0,47
BRDA:22,94,1,0
BRDA:20,170,0,19
BRDA:70,81,1,6
BRDA:70,81,0,3
BRDA:72,13,0,6
BRDA:72,13,1,6
FN:88,Niobium.Html.ITag Niobium.Html.JsonObject::Convert(System.Object,Niobium.Html.XTag)
FNDA:0,Niobium.Html.ITag Niobium.Html.JsonObject::Convert(System.Object,Niobium.Html.XTag)
DA:89,0
DA:90,0
DA:91,0
DA:92,0
DA:93,0
DA:95,0
DA:96,0
DA:97,0
DA:98,0
DA:99,0
DA:100,0
DA:101,0
DA:102,0
DA:103,0
DA:104,0
DA:105,0
DA:106,0
DA:107,0
DA:108,0
DA:109,0
DA:110,0
DA:111,0
DA:112,0
DA:113,0
DA:114,0
DA:115,0
DA:116,0
DA:118,0
DA:119,0
DA:120,0
DA:121,0
DA:122,0
DA:123,0
DA:126,0
DA:127,0
DA:128,0
DA:129,0
DA:130,0
DA:131,0
DA:132,0
DA:133,0
DA:134,0
DA:135,0
DA:136,0
DA:137,0
DA:138,0
DA:139,0
DA:140,0
DA:141,0
DA:142,0
DA:143,0
DA:144,0
DA:145,0
DA:147,0
DA:148,0
BRDA:90,32,0,0
BRDA:90,32,1,0
BRDA:90,52,0,0
BRDA:90,52,1,0
BRDA:95,107,0,0
BRDA:95,107,1,0
BRDA:120,166,0,0
BRDA:120,166,1,0
BRDA:99,126,1,0
BRDA:99,126,0,0
BRDA:128,109,1,0
BRDA:128,109,0,0
BRDA:136,107,0,0
BRDA:136,107,1,0
BRDA:136,119,0,0
BRDA:136,119,1,0
FN:152,System.Boolean Niobium.Html.JsonObject::HandleSpecialValues(Newtonsoft.Json.Linq.JValue,Niobium.Html.XTag)
FNDA:39,System.Boolean Niobium.Html.JsonObject::HandleSpecialValues(Newtonsoft.Json.Linq.JValue,Niobium.Html.XTag)
DA:153,39
DA:154,39
DA:155,39
DA:156,39
DA:157,0
DA:158,0
DA:159,0
DA:161,39
DA:162,39
DA:163,39
BRDA:154,15,0,39
BRDA:154,15,1,0
BRDA:154,43,0,39
BRDA:156,64,0,0
BRDA:156,64,1,39
BRDA:154,43,1,39
FN:165,System.Boolean Niobium.Html.JsonObject::HandleMongoObjects(Newtonsoft.Json.Linq.JObject,Niobium.Html.XTag)
FNDA:19,System.Boolean Niobium.Html.JsonObject::HandleMongoObjects(Newtonsoft.Json.Linq.JObject,Niobium.Html.XTag)
DA:166,19
DA:167,19
DA:168,19
DA:169,0
DA:171,19
DA:172,13
DA:174,6
DA:175,0
DA:177,6
DA:182,0
DA:183,0
DA:186,0
DA:187,0
DA:188,0
DA:189,0
DA:190,0
DA:191,0
DA:192,0
DA:195,0
DA:198,6
DA:200,19
BRDA:168,24,0,0
BRDA:168,24,1,19
BRDA:171,41,0,13
BRDA:171,41,1,6
BRDA:174,83,0,0
BRDA:174,83,1,6
BRDA:177,116,0,6
BRDA:177,130,0,6
BRDA:177,144,0,6
BRDA:177,116,1,0
BRDA:177,130,1,0
BRDA:177,144,1,0
BRDA:177,158,1,0
BRDA:186,201,0,0
BRDA:186,221,0,0
BRDA:186,239,0,0
BRDA:186,258,0,0
BRDA:186,201,1,0
BRDA:186,221,1,0
BRDA:186,239,1,0
BRDA:186,258,1,0
BRDA:186,286,0,0
BRDA:186,286,1,0
BRDA:177,158,0,6
FN:7,System.Void Niobium.Html.JsonObject::.ctor(Niobium.Html.HtmlInterceptor`1<System.String>,System.Collections.Generic.Stack`1<System.String>)
FNDA:62,System.Void Niobium.Html.JsonObject::.ctor(Niobium.Html.HtmlInterceptor`1<System.String>,System.Collections.Generic.Stack`1<System.String>)
DA:8,62
DA:10,62
BRDA:10,10,0,3
BRDA:10,10,1,62
LF:158
LH:82
BRF:78
BRH:39
FNF:5
FNH:4
end_of_record
SF:C:\Repo\NbToolsF\Niobium.Html\Niobium.Html\MatrixBase.cs
FN:15,System.Int32 Niobium.Html.MatrixBase`1::get_RowsCount()
FNDA:26,System.Int32 Niobium.Html.MatrixBase`1::get_RowsCount()
DA:16,26
FN:16,System.Boolean Niobium.Html.MatrixBase`1::get_Invariant()
FNDA:0,System.Boolean Niobium.Html.MatrixBase`1::get_Invariant()
DA:17,0
FN:35,Niobium.Html.MatrixCol`1<T> Niobium.Html.MatrixBase`1::GetOrCreateCol(System.String,System.Boolean,System.Int32&)
FNDA:12,Niobium.Html.MatrixCol`1<T> Niobium.Html.MatrixBase`1::GetOrCreateCol(System.String,System.Boolean,System.Int32&)
DA:36,12
DA:37,24
DA:38,12
DA:39,6
DA:41,6
DA:42,6
DA:43,6
DA:44,6
DA:45,6
DA:46,6
DA:47,12
BRDA:38,49,0,6
BRDA:38,49,1,6
FN:49,System.Void Niobium.Html.MatrixBase`1::AddRow(System.Collections.Generic.IEnumerable`1<Niobium.Html.MatrixCell`1<T>>)
FNDA:5,System.Void Niobium.Html.MatrixBase`1::AddRow(System.Collections.Generic.IEnumerable`1<Niobium.Html.MatrixCell`1<T>>)
DA:50,5
DA:51,5
DA:53,35
DA:54,10
DA:55,10
DA:56,0
DA:57,10
DA:58,0
DA:60,10
DA:61,10
DA:62,0
DA:63,10
DA:64,10
DA:65,10
DA:67,15
DA:68,0
DA:69,0
DA:70,0
DA:72,5
DA:73,5
BRDA:53,182,1,10
BRDA:55,52,0,0
BRDA:55,52,1,10
BRDA:55,73,1,10
BRDA:57,95,1,10
BRDA:61,126,0,0
BRDA:61,126,1,10
BRDA:61,144,0,0
BRDA:61,144,1,10
BRDA:55,73,0,15
BRDA:57,95,0,15
BRDA:53,182,0,5
BRDA:67,258,1,0
BRDA:67,258,0,5
FN:75,System.Boolean Niobium.Html.MatrixBase`1::TryGetColumn(System.String,Niobium.Html.MatrixCol`1<T>&)
FNDA:8,System.Boolean Niobium.Html.MatrixBase`1::TryGetColumn(System.String,Niobium.Html.MatrixCol`1<T>&)
DA:76,8
DA:77,24
DA:78,8
DA:79,8
FN:83,System.String Niobium.Html.MatrixBase`1::get_Item(System.String,System.Int32)
FNDA:0,System.String Niobium.Html.MatrixBase`1::get_Item(System.String,System.Int32)
DA:84,0
DA:85,0
DA:86,0
DA:87,0
FN:90,System.ValueTuple`2<System.String,System.Boolean> Niobium.Html.MatrixBase`1::Obj2String(System.Object)
FNDA:0,System.ValueTuple`2<System.String,System.Boolean> Niobium.Html.MatrixBase`1::Obj2String(System.Object)
DA:91,0
DA:92,0
DA:93,0
DA:95,0
DA:96,0
DA:97,0
DA:98,0
DA:99,0
DA:100,0
DA:102,0
DA:103,0
DA:104,0
DA:105,0
DA:106,0
DA:107,0
DA:108,0
DA:109,0
DA:110,0
BRDA:92,7,0,0
BRDA:92,7,1,0
BRDA:95,37,0,0
BRDA:98,61,0,0
BRDA:98,61,1,0
BRDA:95,37,1,0
BRDA:102,91,0,0
BRDA:102,103,0,0
BRDA:102,115,0,0
BRDA:102,91,1,0
BRDA:102,103,1,0
BRDA:102,115,1,0
BRDA:102,118,1,0
BRDA:102,118,0,0
BRDA:108,187,0,0
BRDA:108,187,1,0
FN:112,System.ValueTuple`2<System.String,System.Boolean> Niobium.Html.MatrixBase`1::Objs2String(System.Collections.Generic.IEnumerable`1<System.Object>)
FNDA:0,System.ValueTuple`2<System.String,System.Boolean> Niobium.Html.MatrixBase`1::Objs2String(System.Collections.Generic.IEnumerable`1<System.Object>)
DA:113,0
DA:114,0
DA:115,0
DA:116,0
DA:117,0
DA:119,0
DA:120,0
BRDA:116,26,0,0
BRDA:116,26,1,0
FN:122,System.ValueTuple`2<System.String,System.Boolean> Niobium.Html.MatrixBase`1::Str2StrDict(System.Collections.Generic.IDictionary`2<System.String,System.String>)
FNDA:0,System.ValueTuple`2<System.String,System.Boolean> Niobium.Html.MatrixBase`1::Str2StrDict(System.Collections.Generic.IDictionary`2<System.String,System.String>)
DA:123,0
DA:124,0
DA:125,0
DA:127,0
DA:128,0
DA:129,0
DA:130,0
DA:131,0
DA:132,0
BRDA:124,12,0,0
BRDA:124,12,1,0
FN:134,System.ValueTuple`2<System.String,System.Boolean> Niobium.Html.MatrixBase`1::TheObj2String(System.Object)
FNDA:0,System.ValueTuple`2<System.String,System.Boolean> Niobium.Html.MatrixBase`1::TheObj2String(System.Object)
DA:135,0
DA:136,0
DA:137,0
DA:138,0
DA:139,0
DA:140,0
DA:141,0
FN:142,System.Void Niobium.Html.MatrixBase`1::ConstantColumnsToFile(System.String)
FNDA:0,System.Void Niobium.Html.MatrixBase`1::ConstantColumnsToFile(System.String)
DA:143,0
BRDA:143,13,0,0
BRDA:143,13,1,0
FN:145,System.Collections.Generic.Dictionary`2<System.String,T> Niobium.Html.MatrixBase`1::RemoveConstantColumns()
FNDA:0,System.Collections.Generic.Dictionary`2<System.String,T> Niobium.Html.MatrixBase`1::RemoveConstantColumns()
DA:146,0
DA:147,0
DA:149,0
DA:150,0
DA:151,0
DA:152,0
DA:153,0
DA:154,0
DA:156,0
DA:157,0
DA:158,0
DA:159,0
DA:160,0
DA:161,0
DA:162,0
BRDA:147,12,0,0
BRDA:147,12,1,0
BRDA:150,91,1,0
BRDA:152,58,0,0
BRDA:152,58,1,0
BRDA:150,91,0,0
BRDA:156,185,1,0
BRDA:156,185,0,0
FN:163,Niobium.Html.MatrixCol`1<T> Niobium.Html.MatrixBase`1::GetColumnFail(System.String)
FNDA:4,Niobium.Html.MatrixCol`1<T> Niobium.Html.MatrixBase`1::GetColumnFail(System.String)
DA:164,4
BRDA:164,9,0,1
BRDA:164,9,1,3
FN:164,Niobium.Html.MatrixCol`1<T> Niobium.Html.MatrixBase`1::GetColumn(System.String)
FNDA:2,Niobium.Html.MatrixCol`1<T> Niobium.Html.MatrixBase`1::GetColumn(System.String)
DA:165,2
BRDA:165,9,0,1
BRDA:165,9,1,1
FN:169,System.String Niobium.Html.MatrixBase`1::ToHtml(Niobium.Html.NHeader)
FNDA:0,System.String Niobium.Html.MatrixBase`1::ToHtml(Niobium.Html.NHeader)
DA:170,0
DA:171,0
DA:172,0
DA:173,0
DA:174,0
DA:175,0
BRDA:172,10,0,0
BRDA:172,10,1,0
FN:182,System.Void Niobium.Html.MatrixBase`1::ToCsv(System.String)
FNDA:0,System.Void Niobium.Html.MatrixBase`1::ToCsv(System.String)
DA:183,0
DA:184,0
DA:185,0
DA:186,0
FN:188,System.String Niobium.Html.MatrixBase`1::ToCsv()
FNDA:0,System.String Niobium.Html.MatrixBase`1::ToCsv()
DA:189,0
DA:190,0
DA:191,0
DA:192,0
DA:193,0
DA:194,0
DA:196,0
DA:197,0
DA:198,0
FN:200,System.Void Niobium.Html.MatrixBase`1::ToCsv(System.IO.TextWriter)
FNDA:0,System.Void Niobium.Html.MatrixBase`1::ToCsv(System.IO.TextWriter)
DA:201,0
DA:202,0
DA:204,0
DA:205,0
DA:206,0
DA:207,0
DA:208,0
DA:209,0
DA:210,0
DA:212,0
DA:213,0
DA:214,0
DA:215,0
BRDA:202,12,0,0
BRDA:202,12,1,0
BRDA:205,39,0,0
BRDA:205,39,1,0
BRDA:206,79,0,0
BRDA:206,79,1,0
BRDA:212,122,0,0
BRDA:212,122,1,0
BRDA:213,265,1,0
BRDA:214,202,0,0
BRDA:214,202,1,0
BRDA:213,265,0,0
BRDA:214,13,0,0
BRDA:214,13,1,0
FN:217,System.Void Niobium.Html.MatrixBase`1::WriteRow(System.IO.TextWriter,System.Collections.Generic.IEnumerable`1<System.String>,System.String)
FNDA:0,System.Void Niobium.Html.MatrixBase`1::WriteRow(System.IO.TextWriter,System.Collections.Generic.IEnumerable`1<System.String>,System.String)
DA:218,0
DA:219,0
DA:220,0
DA:221,0
DA:222,0
DA:223,0
DA:224,0
DA:225,0
DA:226,0
DA:227,0
DA:229,0
DA:231,0
DA:232,0
DA:233,0
DA:234,0
BRDA:220,99,1,0
BRDA:222,24,0,0
BRDA:225,30,0,0
BRDA:225,30,1,0
BRDA:225,47,0,0
BRDA:225,47,1,0
BRDA:222,24,1,0
BRDA:220,99,0,0
FN:236,System.String Niobium.Html.MatrixBase`1::ToCsvString(System.String)
FNDA:0,System.String Niobium.Html.MatrixBase`1::ToCsvString(System.String)
DA:237,0
DA:238,0
DA:239,0
DA:241,0
DA:242,0
DA:243,0
DA:245,0
DA:246,0
BRDA:238,9,0,0
BRDA:238,9,1,0
BRDA:242,56,0,0
BRDA:242,56,1,0
BRDA:242,71,0,0
BRDA:242,71,1,0
FN:6,System.Void Niobium.Html.MatrixBase`1::.ctor(System.String[],System.String[],System.Func`2<System.Object,System.String>,System.Collections.Generic.Stack`1<System.String>,Niobium.Html.HtmlInterceptor`1<System.String>)
FNDA:3,System.Void Niobium.Html.MatrixBase`1::.ctor(System.String[],System.String[],System.Func`2<System.Object,System.String>,System.Collections.Generic.Stack`1<System.String>,Niobium.Html.HtmlInterceptor`1<System.String>)
DA:7,3
DA:20,3
DA:21,3
DA:22,3
DA:23,3
DA:24,3
DA:25,3
DA:27,3
DA:28,3
DA:29,3
DA:31,13
DA:32,2
DA:33,3
BRDA:22,22,0,3
BRDA:22,22,1,3
BRDA:25,54,0,2
BRDA:25,54,1,3
BRDA:31,98,0,2
BRDA:31,98,1,3
BRDA:31,138,1,2
BRDA:31,138,0,3
LF:168
LH:45
BRF:88
BRH:24
FNF:21
FNH:7
end_of_record
SF:C:\Repo\NbToolsF\Niobium.Html\Niobium.Html\MatrixCol.cs
FN:9,System.String Niobium.Html.MatrixCell`1::get_ColName()
FNDA:70,System.String Niobium.Html.MatrixCell`1::get_ColName()
DA:10,70
FN:13,System.String Niobium.Html.MatrixCol`1::get_Name()
FNDA:48,System.String Niobium.Html.MatrixCol`1::get_Name()
DA:14,48
FN:17,System.String Niobium.Html.MatrixCol`1::ToString()
FNDA:0,System.String Niobium.Html.MatrixCol`1::ToString()
DA:18,0
FN:19,System.Collections.Generic.IReadOnlyList`1<T> Niobium.Html.MatrixCol`1::get_Cells()
FNDA:10,System.Collections.Generic.IReadOnlyList`1<T> Niobium.Html.MatrixCol`1::get_Cells()
DA:20,10
FN:20,System.Void Niobium.Html.MatrixCol`1::Add(T)
FNDA:10,System.Void Niobium.Html.MatrixCol`1::Add(T)
DA:21,10
FN:21,System.Int32 Niobium.Html.MatrixCol`1::get_Count()
FNDA:0,System.Int32 Niobium.Html.MatrixCol`1::get_Count()
DA:22,0
FN:23,T Niobium.Html.MatrixCol`1::GetField(System.Int32)
FNDA:0,T Niobium.Html.MatrixCol`1::GetField(System.Int32)
DA:24,0
FN:27,System.String Niobium.Html.MatrixCol`1::get_Item(System.Int32)
FNDA:0,System.String Niobium.Html.MatrixCol`1::get_Item(System.Int32)
DA:28,0
DA:29,0
DA:30,0
DA:31,0
DA:32,0
DA:33,0
DA:34,0
DA:35,0
DA:36,0
DA:37,0
BRDA:30,24,0,0
BRDA:30,39,0,0
BRDA:30,24,1,0
BRDA:30,39,1,0
BRDA:30,54,1,0
BRDA:30,54,0,0
FN:45,Niobium.Html.MatrixCol`1<T> Niobium.Html.MatrixCol`1::UpdateValues(System.Func`3<System.Int32,T,T>)
FNDA:0,Niobium.Html.MatrixCol`1<T> Niobium.Html.MatrixCol`1::UpdateValues(System.Func`3<System.Int32,T,T>)
DA:46,0
DA:47,0
DA:48,0
DA:49,0
DA:50,0
DA:51,0
DA:52,0
DA:53,0
DA:54,0
BRDA:47,74,1,0
BRDA:50,37,0,0
BRDA:50,37,1,0
BRDA:47,74,0,0
FN:56,System.Boolean Niobium.Html.MatrixCol`1::IsConst()
FNDA:0,System.Boolean Niobium.Html.MatrixCol`1::IsConst()
DA:57,0
DA:58,0
DA:59,0
DA:60,0
DA:61,0
DA:62,0
DA:63,0
DA:64,0
DA:65,0
DA:66,0
DA:68,0
DA:69,0
DA:70,0
DA:71,0
DA:72,0
DA:73,0
DA:74,0
BRDA:60,18,0,0
BRDA:60,18,1,0
BRDA:60,106,1,0
BRDA:62,69,0,0
BRDA:62,69,1,0
BRDA:69,91,0,0
BRDA:69,91,1,0
BRDA:60,106,0,0
BRDA:60,32,0,0
BRDA:60,32,1,0
BRDA:60,50,0,0
BRDA:60,50,1,0
FN:76,Niobium.Html.MatrixCol`1<T> Niobium.Html.MatrixCol`1::SetHtml(System.Boolean)
FNDA:1,Niobium.Html.MatrixCol`1<T> Niobium.Html.MatrixCol`1::SetHtml(System.Boolean)
DA:77,1
DA:78,1
DA:79,1
DA:80,1
FN:11,System.Void Niobium.Html.MatrixCol`1::.ctor(System.String,System.Int32)
FNDA:6,System.Void Niobium.Html.MatrixCol`1::.ctor(System.String,System.Int32)
DA:12,6
DA:15,6
DA:16,6
LF:50
LH:11
BRF:22
BRH:0
FNF:12
FNH:6
end_of_record
SF:C:\Repo\NbToolsF\Niobium.Html\Niobium.Html\NHeader.cs
FN:5,System.Collections.Generic.Dictionary`2<System.String,Niobium.Html.NCssAttrib> Niobium.Html.NHeader::get_Tags()
FNDA:45,System.Collections.Generic.Dictionary`2<System.String,Niobium.Html.NCssAttrib> Niobium.Html.NHeader::get_Tags()
DA:6,45
FN:10,System.Void Niobium.Html.NHeader::AddScriptUri(System.Uri)
FNDA:2,System.Void Niobium.Html.NHeader::AddScriptUri(System.Uri)
DA:11,2
FN:11,System.Void Niobium.Html.NHeader::AddScript(System.String)
FNDA:1,System.Void Niobium.Html.NHeader::AddScript(System.String)
DA:12,1
FN:33,System.String Niobium.Html.NHeader::GetCss()
FNDA:6,System.String Niobium.Html.NHeader::GetCss()
DA:34,6
DA:35,6
DA:36,0
DA:38,6
DA:41,6
DA:42,6
DA:44,57
DA:45,13
DA:46,13
DA:47,13
DA:48,13
DA:50,6
DA:51,6
BRDA:35,12,0,0
BRDA:35,12,1,6
BRDA:44,194,1,13
BRDA:44,194,0,6
FN:52,System.Collections.Generic.IEnumerable`1<System.Uri> Niobium.Html.NHeader::GetScriptUris()
FNDA:8,System.Collections.Generic.IEnumerable`1<System.Uri> Niobium.Html.NHeader::GetScriptUris()
DA:53,8
BRDA:53,11,0,5
BRDA:53,11,1,1
FN:53,System.Collections.Generic.IEnumerable`1<System.String> Niobium.Html.NHeader::GetScriptSources()
FNDA:6,System.Collections.Generic.IEnumerable`1<System.String> Niobium.Html.NHeader::GetScriptSources()
DA:54,6
BRDA:54,11,0,5
BRDA:54,11,1,1
FN:56,System.Boolean Niobium.Html.NHeader::TryAdd(Niobium.Html.NCssAttrib)
FNDA:2,System.Boolean Niobium.Html.NHeader::TryAdd(Niobium.Html.NCssAttrib)
DA:57,2
DA:58,2
DA:60,2
FN:7,System.Void Niobium.Html.NHeader::.ctor(System.Collections.Generic.Dictionary`2<System.String,Niobium.Html.NCssAttrib>,System.String)
FNDA:17,System.Void Niobium.Html.NHeader::.ctor(System.Collections.Generic.Dictionary`2<System.String,Niobium.Html.NCssAttrib>,System.String)
DA:8,17
DA:9,17
FN:13,System.Void Niobium.Html.NHeader::.ctor()
FNDA:51,System.Void Niobium.Html.NHeader::.ctor()
DA:14,51
FN:14,System.Void Niobium.Html.NHeader::.ctor(System.String)
FNDA:0,System.Void Niobium.Html.NHeader::.ctor(System.String)
DA:15,0
FN:15,System.Void Niobium.Html.NHeader::.ctor(System.Collections.Generic.IEnumerable`1<Niobium.Html.NCssAttrib>)
FNDA:0,System.Void Niobium.Html.NHeader::.ctor(System.Collections.Generic.IEnumerable`1<Niobium.Html.NCssAttrib>)
DA:16,0
FN:16,System.Void Niobium.Html.NHeader::.ctor(Niobium.Html.NCssAttrib[])
FNDA:0,System.Void Niobium.Html.NHeader::.ctor(Niobium.Html.NCssAttrib[])
DA:17,0
FN:18,System.Void Niobium.Html.NHeader::.cctor()
FNDA:1,System.Void Niobium.Html.NHeader::.cctor()
DA:19,1
DA:20,1
DA:21,1
DA:22,1
DA:23,1
DA:24,1
DA:26,1
DA:27,1
DA:28,1
DA:29,1
DA:30,1
DA:31,1
FN:62,System.String Niobium.Html.NCssAttrib::get_Name()
FNDA:52,System.String Niobium.Html.NCssAttrib::get_Name()
DA:63,52
FN:72,Niobium.Html.NCssAttrib Niobium.Html.NCssAttrib::get_Item(System.String,System.String)
FNDA:5,Niobium.Html.NCssAttrib Niobium.Html.NCssAttrib::get_Item(System.String,System.String)
DA:73,5
DA:74,5
DA:75,5
DA:76,5
FN:82,Niobium.Html.NCssAttrib Niobium.Html.NCssAttrib::Parse(System.String)
FNDA:0,Niobium.Html.NCssAttrib Niobium.Html.NCssAttrib::Parse(System.String)
DA:83,0
DA:84,0
DA:85,0
DA:86,0
DA:87,0
DA:89,0
DA:90,0
DA:91,0
DA:92,0
DA:93,0
DA:95,0
DA:96,0
DA:97,0
DA:98,0
DA:99,0
DA:100,0
DA:101,0
DA:102,0
DA:103,0
DA:105,0
DA:106,0
BRDA:86,76,0,0
BRDA:86,76,1,0
BRDA:92,168,0,0
BRDA:92,168,1,0
BRDA:99,23,0,0
BRDA:99,23,1,0
FN:109,Niobium.Html.NCssAttrib Niobium.Html.NCssAttrib::background_image(System.IO.FileInfo)
FNDA:0,Niobium.Html.NCssAttrib Niobium.Html.NCssAttrib::background_image(System.IO.FileInfo)
DA:110,0
DA:111,0
DA:112,0
DA:113,0
DA:114,0
DA:115,0
FN:117,Niobium.Html.NCssAttrib Niobium.Html.NCssAttrib::background_image(System.String)
FNDA:0,Niobium.Html.NCssAttrib Niobium.Html.NCssAttrib::background_image(System.String)
DA:118,0
DA:119,0
DA:120,0
DA:121,0
BRDA:119,23,0,0
BRDA:119,23,1,0
FN:125,System.Void Niobium.Html.NCssAttrib::Print(System.Text.StringBuilder)
FNDA:13,System.Void Niobium.Html.NCssAttrib::Print(System.Text.StringBuilder)
DA:126,13
DA:127,13
DA:128,198
DA:129,53
DA:131,13
DA:132,13
BRDA:128,147,1,53
BRDA:128,147,0,13
FN:134,System.Boolean Niobium.Html.NCssAttrib::AddTo(Niobium.Html.NHeader)
FNDA:2,System.Boolean Niobium.Html.NCssAttrib::AddTo(Niobium.Html.NHeader)
DA:135,2
DA:136,2
DA:137,6
DA:138,0
DA:139,2
DA:140,2
BRDA:137,41,1,0
BRDA:137,41,0,2
FN:64,System.Void Niobium.Html.NCssAttrib::.ctor(System.String)
FNDA:3,System.Void Niobium.Html.NCssAttrib::.ctor(System.String)
DA:65,3
FN:65,System.Void Niobium.Html.NCssAttrib::.ctor(System.String,System.Collections.Generic.IEnumerable`1<System.ValueTuple`2<System.String,System.String>>)
FNDA:22,System.Void Niobium.Html.NCssAttrib::.ctor(System.String,System.Collections.Generic.IEnumerable`1<System.ValueTuple`2<System.String,System.String>>)
DA:66,22
FN:67,System.Void Niobium.Html.NCssAttrib::.ctor(System.String,System.Collections.Generic.IEnumerable`1<System.ValueTuple`2<System.String,System.String>>,Niobium.Html.NCssAttrib[])
FNDA:0,System.Void Niobium.Html.NCssAttrib::.ctor(System.String,System.Collections.Generic.IEnumerable`1<System.ValueTuple`2<System.String,System.String>>,Niobium.Html.NCssAttrib[])
DA:68,0
FN:78,System.Void Niobium.Html.NCssAttrib::.cctor()
FNDA:0,System.Void Niobium.Html.NCssAttrib::.cctor()
DA:79,0
DA:80,0
LF:92
LH:53
BRF:20
BRH:10
FNF:24
FNH:16
end_of_record
SF:C:\Repo\NbToolsF\Niobium.Html\Niobium.Html\NTag.cs
FN:39,Niobium.Html.NTag Niobium.Html.NTag::CreateTag(System.Int32,System.String,System.Action`1<Niobium.Html.NTag>,System.Action`1<Niobium.Html.ITagOnly>,System.String,System.Boolean)
FNDA:2,Niobium.Html.NTag Niobium.Html.NTag::CreateTag(System.Int32,System.String,System.Action`1<Niobium.Html.NTag>,System.Action`1<Niobium.Html.ITagOnly>,System.String,System.Boolean)
DA:40,2
DA:41,2
DA:42,0
DA:44,2
DA:45,2
DA:47,2
DA:48,2
DA:49,2
DA:50,0
DA:51,0
DA:52,0
DA:53,0
DA:54,2
DA:55,2
DA:57,2
DA:58,1
DA:59,1
DA:61,1
DA:62,0
DA:64,1
DA:65,1
DA:66,1
DA:67,1
DA:69,1
DA:70,1
DA:71,1
DA:72,1
DA:73,1
DA:74,1
DA:75,1
DA:76,1
DA:77,1
DA:78,1
DA:80,0
DA:81,0
DA:82,0
DA:83,2
DA:84,2
BRDA:41,9,0,2
BRDA:41,9,1,0
BRDA:41,24,0,0
BRDA:41,24,1,2
BRDA:49,107,0,0
BRDA:49,107,1,2
BRDA:55,157,1,1
BRDA:55,157,0,2
BRDA:57,176,0,1
BRDA:61,207,0,0
BRDA:61,207,1,1
BRDA:69,277,0,1
BRDA:69,277,1,1
BRDA:57,176,1,1
BRDA:73,312,0,1
BRDA:76,337,0,0
BRDA:76,337,1,1
BRDA:73,312,1,0
FN:86,System.Void Niobium.Html.NTag::ClosingTag(System.String)
FNDA:2,System.Void Niobium.Html.NTag::ClosingTag(System.String)
DA:87,2
DA:88,2
DA:89,2
DA:90,0
DA:91,0
DA:92,0
DA:93,0
DA:94,2
DA:95,2
DA:96,2
BRDA:89,34,0,0
BRDA:89,34,1,2
FN:98,System.Void Niobium.Html.NTag::Indentation(System.Int32)
FNDA:3,System.Void Niobium.Html.NTag::Indentation(System.Int32)
DA:99,3
DA:100,3
DA:101,8
DA:102,1
DA:103,3
BRDA:101,44,1,1
BRDA:101,44,0,3
FN:105,Niobium.Html.NTag Niobium.Html.NTag::Attrib(System.String,System.String)
FNDA:1,Niobium.Html.NTag Niobium.Html.NTag::Attrib(System.String,System.String)
DA:106,1
DA:107,1
DA:108,1
DA:109,1
DA:110,1
DA:111,1
DA:112,1
DA:113,1
FN:115,Niobium.Html.NTag Niobium.Html.NTag::Cls(Niobium.Html.NCssAttrib)
FNDA:0,Niobium.Html.NTag Niobium.Html.NTag::Cls(Niobium.Html.NCssAttrib)
DA:116,0
DA:117,0
DA:118,0
DA:119,0
DA:120,0
DA:121,0
DA:122,0
DA:123,0
BRDA:117,10,0,0
BRDA:117,10,1,0
FN:127,Niobium.Html.NTag Niobium.Html.NTag::get_Item(System.String,System.String)
FNDA:0,Niobium.Html.NTag Niobium.Html.NTag::get_Item(System.String,System.String)
DA:128,0
DA:129,0
DA:130,0
DA:131,0
DA:132,0
BRDA:129,7,0,0
BRDA:129,7,1,0
FN:137,System.Void Niobium.Html.NTag::set_Item(System.String,System.String)
FNDA:0,System.Void Niobium.Html.NTag::set_Item(System.String,System.String)
DA:138,0
DA:139,0
DA:140,0
DA:141,0
BRDA:139,7,0,0
BRDA:139,7,1,0
FN:170,Niobium.Html.NTag Niobium.Html.NTag::a(System.String,System.String)
FNDA:0,Niobium.Html.NTag Niobium.Html.NTag::a(System.String,System.String)
DA:171,0
FN:172,Niobium.Html.NTag Niobium.Html.NTag::a(System.String,System.Action`1<Niobium.Html.ITagOnly>)
FNDA:0,Niobium.Html.NTag Niobium.Html.NTag::a(System.String,System.Action`1<Niobium.Html.ITagOnly>)
DA:173,0
FN:173,Niobium.Html.NTag Niobium.Html.NTag::a(System.String,System.String,System.Action`1<Niobium.Html.ITagOnly>)
FNDA:0,Niobium.Html.NTag Niobium.Html.NTag::a(System.String,System.String,System.Action`1<Niobium.Html.ITagOnly>)
DA:174,0
FN:174,Niobium.Html.NTag Niobium.Html.NTag::a(System.String,System.String,System.String,System.Action`1<Niobium.Html.ITagOnly>)
FNDA:0,Niobium.Html.NTag Niobium.Html.NTag::a(System.String,System.String,System.String,System.Action`1<Niobium.Html.ITagOnly>)
DA:175,0
FN:175,Niobium.Html.NTag Niobium.Html.NTag::a(System.String,Niobium.Html.NCssAttrib,System.Action`1<Niobium.Html.ITagOnly>)
FNDA:0,Niobium.Html.NTag Niobium.Html.NTag::a(System.String,Niobium.Html.NCssAttrib,System.Action`1<Niobium.Html.ITagOnly>)
DA:176,0
FN:176,Niobium.Html.NTag Niobium.Html.NTag::a(System.String,Niobium.Html.NCssAttrib,System.String,System.Action`1<Niobium.Html.ITagOnly>)
FNDA:0,Niobium.Html.NTag Niobium.Html.NTag::a(System.String,Niobium.Html.NCssAttrib,System.String,System.Action`1<Niobium.Html.ITagOnly>)
DA:177,0
FN:178,Niobium.Html.NTag Niobium.Html.NTag::br()
FNDA:0,Niobium.Html.NTag Niobium.Html.NTag::br()
DA:179,0
FN:180,Niobium.Html.NTag Niobium.Html.NTag::div(System.Action`1<Niobium.Html.ITagOnly>)
FNDA:0,Niobium.Html.NTag Niobium.Html.NTag::div(System.Action`1<Niobium.Html.ITagOnly>)
DA:181,0
FN:181,Niobium.Html.NTag Niobium.Html.NTag::div(System.String,System.Action`1<Niobium.Html.ITagOnly>)
FNDA:0,Niobium.Html.NTag Niobium.Html.NTag::div(System.String,System.Action`1<Niobium.Html.ITagOnly>)
DA:182,0
FN:182,Niobium.Html.NTag Niobium.Html.NTag::div(Niobium.Html.NCssAttrib,System.Action`1<Niobium.Html.ITagOnly>)
FNDA:0,Niobium.Html.NTag Niobium.Html.NTag::div(Niobium.Html.NCssAttrib,System.Action`1<Niobium.Html.ITagOnly>)
DA:183,0
FN:184,Niobium.Html.NTag Niobium.Html.NTag::form(System.String,System.Action`1<Niobium.Html.ITagOnly>,System.String)
FNDA:0,Niobium.Html.NTag Niobium.Html.NTag::form(System.String,System.Action`1<Niobium.Html.ITagOnly>,System.String)
DA:185,0
FN:186,Niobium.Html.NTag Niobium.Html.NTag::img(System.String,System.String)
FNDA:0,Niobium.Html.NTag Niobium.Html.NTag::img(System.String,System.String)
DA:187,0
FN:187,Niobium.Html.NTag Niobium.Html.NTag::img(Niobium.Html.NCssAttrib)
FNDA:0,Niobium.Html.NTag Niobium.Html.NTag::img(Niobium.Html.NCssAttrib)
DA:188,0
FN:188,Niobium.Html.NTag Niobium.Html.NTag::img(Niobium.Html.NCssAttrib,System.String)
FNDA:0,Niobium.Html.NTag Niobium.Html.NTag::img(Niobium.Html.NCssAttrib,System.String)
DA:189,0
FN:190,Niobium.Html.NTag Niobium.Html.NTag::input(Niobium.Html.NTag/InputType,System.String,System.String)
FNDA:0,Niobium.Html.NTag Niobium.Html.NTag::input(Niobium.Html.NTag/InputType,System.String,System.String)
DA:191,0
FN:192,Niobium.Html.NTag Niobium.Html.NTag::inputWithLabel(Niobium.Html.NTag/InputType,System.String,System.String)
FNDA:0,Niobium.Html.NTag Niobium.Html.NTag::inputWithLabel(Niobium.Html.NTag/InputType,System.String,System.String)
DA:193,0
DA:194,0
DA:195,0
DA:196,0
FN:197,Niobium.Html.NTag Niobium.Html.NTag::p(System.Action`1<Niobium.Html.ITagOnly>)
FNDA:0,Niobium.Html.NTag Niobium.Html.NTag::p(System.Action`1<Niobium.Html.ITagOnly>)
DA:198,0
FN:198,Niobium.Html.NTag Niobium.Html.NTag::h1(System.Action`1<Niobium.Html.ITagOnly>)
FNDA:0,Niobium.Html.NTag Niobium.Html.NTag::h1(System.Action`1<Niobium.Html.ITagOnly>)
DA:199,0
FN:199,Niobium.Html.NTag Niobium.Html.NTag::h2(System.Action`1<Niobium.Html.ITagOnly>)
FNDA:0,Niobium.Html.NTag Niobium.Html.NTag::h2(System.Action`1<Niobium.Html.ITagOnly>)
DA:200,0
FN:200,Niobium.Html.NTag Niobium.Html.NTag::h3(System.Action`1<Niobium.Html.ITagOnly>)
FNDA:0,Niobium.Html.NTag Niobium.Html.NTag::h3(System.Action`1<Niobium.Html.ITagOnly>)
DA:201,0
FN:202,Niobium.Html.NTag Niobium.Html.NTag::p(System.String)
FNDA:0,Niobium.Html.NTag Niobium.Html.NTag::p(System.String)
DA:203,0
FN:203,Niobium.Html.NTag Niobium.Html.NTag::h1(System.String)
FNDA:0,Niobium.Html.NTag Niobium.Html.NTag::h1(System.String)
DA:204,0
FN:204,Niobium.Html.NTag Niobium.Html.NTag::h2(System.String)
FNDA:0,Niobium.Html.NTag Niobium.Html.NTag::h2(System.String)
DA:205,0
FN:205,Niobium.Html.NTag Niobium.Html.NTag::h3(System.String)
FNDA:0,Niobium.Html.NTag Niobium.Html.NTag::h3(System.String)
DA:206,0
FN:207,Niobium.Html.NTag Niobium.Html.NTag::span(System.String,System.Action`1<Niobium.Html.ITagOnly>)
FNDA:0,Niobium.Html.NTag Niobium.Html.NTag::span(System.String,System.Action`1<Niobium.Html.ITagOnly>)
DA:208,0
FN:208,Niobium.Html.NTag Niobium.Html.NTag::span(System.String,System.String)
FNDA:0,Niobium.Html.NTag Niobium.Html.NTag::span(System.String,System.String)
DA:209,0
FN:209,Niobium.Html.NTag Niobium.Html.NTag::span(Niobium.Html.NCssAttrib,System.Action`1<Niobium.Html.ITagOnly>)
FNDA:0,Niobium.Html.NTag Niobium.Html.NTag::span(Niobium.Html.NCssAttrib,System.Action`1<Niobium.Html.ITagOnly>)
DA:210,0
FN:210,Niobium.Html.NTag Niobium.Html.NTag::span(Niobium.Html.NCssAttrib,System.String)
FNDA:0,Niobium.Html.NTag Niobium.Html.NTag::span(Niobium.Html.NCssAttrib,System.String)
DA:211,0
FN:212,Niobium.Html.NTag Niobium.Html.NTag::nav(System.Action`1<Niobium.Html.ITagOnly>)
FNDA:0,Niobium.Html.NTag Niobium.Html.NTag::nav(System.Action`1<Niobium.Html.ITagOnly>)
DA:213,0
FN:213,Niobium.Html.NTag Niobium.Html.NTag::nav(System.String,System.Action`1<Niobium.Html.ITagOnly>)
FNDA:0,Niobium.Html.NTag Niobium.Html.NTag::nav(System.String,System.Action`1<Niobium.Html.ITagOnly>)
DA:214,0
FN:214,Niobium.Html.NTag Niobium.Html.NTag::nav(Niobium.Html.NCssAttrib,System.Action`1<Niobium.Html.ITagOnly>)
FNDA:0,Niobium.Html.NTag Niobium.Html.NTag::nav(Niobium.Html.NCssAttrib,System.Action`1<Niobium.Html.ITagOnly>)
DA:215,0
FN:215,Niobium.Html.NTag Niobium.Html.NTag::ul(System.Action`1<Niobium.Html.ITagOnly>)
FNDA:0,Niobium.Html.NTag Niobium.Html.NTag::ul(System.Action`1<Niobium.Html.ITagOnly>)
DA:216,0
FN:216,Niobium.Html.NTag Niobium.Html.NTag::ul(System.String,System.Action`1<Niobium.Html.ITagOnly>)
FNDA:0,Niobium.Html.NTag Niobium.Html.NTag::ul(System.String,System.Action`1<Niobium.Html.ITagOnly>)
DA:217,0
FN:217,Niobium.Html.NTag Niobium.Html.NTag::ul(Niobium.Html.NCssAttrib,System.Action`1<Niobium.Html.ITagOnly>)
FNDA:0,Niobium.Html.NTag Niobium.Html.NTag::ul(Niobium.Html.NCssAttrib,System.Action`1<Niobium.Html.ITagOnly>)
DA:218,0
FN:218,Niobium.Html.NTag Niobium.Html.NTag::li(System.Action`1<Niobium.Html.ITagOnly>)
FNDA:0,Niobium.Html.NTag Niobium.Html.NTag::li(System.Action`1<Niobium.Html.ITagOnly>)
DA:219,0
FN:219,Niobium.Html.NTag Niobium.Html.NTag::li(System.String,System.Action`1<Niobium.Html.ITagOnly>)
FNDA:0,Niobium.Html.NTag Niobium.Html.NTag::li(System.String,System.Action`1<Niobium.Html.ITagOnly>)
DA:220,0
FN:220,Niobium.Html.NTag Niobium.Html.NTag::li(Niobium.Html.NCssAttrib,System.Action`1<Niobium.Html.ITagOnly>)
FNDA:0,Niobium.Html.NTag Niobium.Html.NTag::li(Niobium.Html.NCssAttrib,System.Action`1<Niobium.Html.ITagOnly>)
DA:221,0
FN:224,Niobium.Html.NTag Niobium.Html.NTag::TA(System.String,System.Action`1<Niobium.Html.NTag>)
FNDA:0,Niobium.Html.NTag Niobium.Html.NTag::TA(System.String,System.Action`1<Niobium.Html.NTag>)
DA:225,0
FN:225,Niobium.Html.NTag Niobium.Html.NTag::TT(System.String,System.Action`1<Niobium.Html.ITagOnly>)
FNDA:0,Niobium.Html.NTag Niobium.Html.NTag::TT(System.String,System.Action`1<Niobium.Html.ITagOnly>)
DA:226,0
FN:226,Niobium.Html.NTag Niobium.Html.NTag::TV(System.String,System.String,System.Boolean)
FNDA:1,Niobium.Html.NTag Niobium.Html.NTag::TV(System.String,System.String,System.Boolean)
DA:227,1
FN:228,Niobium.Html.NTag Niobium.Html.NTag::TAT(System.String,System.Action`1<Niobium.Html.NTag>,System.Action`1<Niobium.Html.ITagOnly>)
FNDA:1,Niobium.Html.NTag Niobium.Html.NTag::TAT(System.String,System.Action`1<Niobium.Html.NTag>,System.Action`1<Niobium.Html.ITagOnly>)
DA:229,1
FN:229,Niobium.Html.NTag Niobium.Html.NTag::TAV(System.String,System.Action`1<Niobium.Html.NTag>,System.String,System.Boolean)
FNDA:0,Niobium.Html.NTag Niobium.Html.NTag::TAV(System.String,System.Action`1<Niobium.Html.NTag>,System.String,System.Boolean)
DA:230,0
FN:231,Niobium.Html.NTag Niobium.Html.NTag::T(System.String)
FNDA:0,Niobium.Html.NTag Niobium.Html.NTag::T(System.String)
DA:232,0
FN:234,Niobium.Html.NTag Niobium.Html.NTag::Text(System.String,System.Boolean)
FNDA:0,Niobium.Html.NTag Niobium.Html.NTag::Text(System.String,System.Boolean)
DA:235,0
DA:236,0
DA:237,0
DA:238,0
DA:239,0
BRDA:236,7,0,0
BRDA:237,16,0,0
BRDA:237,16,1,0
BRDA:236,7,1,0
FN:241,Niobium.Html.NTag Niobium.Html.NTag::Html(System.String,System.Boolean)
FNDA:0,Niobium.Html.NTag Niobium.Html.NTag::Html(System.String,System.Boolean)
DA:242,0
DA:243,0
DA:244,0
DA:245,0
DA:246,0
DA:247,0
BRDA:244,17,0,0
BRDA:244,17,1,0
FN:29,System.Void Niobium.Html.NTag::.ctor(System.IO.StringWriter,Niobium.Html.NHeader,System.String,System.Int32)
FNDA:1,System.Void Niobium.Html.NTag::.ctor(System.IO.StringWriter,Niobium.Html.NHeader,System.String,System.Int32)
DA:30,1
DA:33,1
DA:34,1
DA:35,1
DA:36,1
DA:37,1
BRDA:36,25,0,1
BRDA:36,25,1,1
LF:141
LH:56
BRF:36
BRH:17
FNF:53
FNH:7
end_of_record
SF:C:\Repo\NbToolsF\Niobium.Html\Niobium.Html\SmartException.cs
FN:8,System.String Niobium.Html.SmartException::Exception2String(System.Exception,System.Action`2<System.Exception,System.Text.StringBuilder>)
FNDA:0,System.String Niobium.Html.SmartException::Exception2String(System.Exception,System.Action`2<System.Exception,System.Text.StringBuilder>)
DA:9,0
DA:10,0
DA:11,0
DA:12,0
DA:13,0
FN:15,System.Void Niobium.Html.SmartException::ProcException(System.Exception,System.Text.StringBuilder,System.Int32,System.Action`2<System.Exception,System.Text.StringBuilder>)
FNDA:0,System.Void Niobium.Html.SmartException::ProcException(System.Exception,System.Text.StringBuilder,System.Int32,System.Action`2<System.Exception,System.Text.StringBuilder>)
DA:16,0
DA:17,0
DA:18,0
DA:20,0
DA:21,0
DA:22,0
DA:23,0
DA:25,0
DA:27,0
DA:28,0
DA:29,0
DA:30,0
DA:31,0
DA:33,0
DA:34,0
DA:35,0
DA:36,0
DA:37,0
BRDA:17,27,1,0
BRDA:17,27,0,0
BRDA:25,85,1,0
BRDA:25,85,0,0
BRDA:27,111,0,0
BRDA:29,159,1,0
BRDA:29,159,0,0
BRDA:27,111,1,0
BRDA:34,193,0,0
BRDA:34,193,1,0
FN:38,System.String Niobium.Html.SmartException::ToString()
FNDA:0,System.String Niobium.Html.SmartException::ToString()
DA:39,0
FN:4,System.Void Niobium.Html.SmartException::.ctor(System.String)
FNDA:0,System.Void Niobium.Html.SmartException::.ctor(System.String)
DA:5,0
FN:5,System.Void Niobium.Html.SmartException::.ctor(System.Exception,System.String)
FNDA:0,System.Void Niobium.Html.SmartException::.ctor(System.Exception,System.String)
DA:6,0
LF:26
LH:0
BRF:10
BRH:0
FNF:5
FNH:0
end_of_record
SF:C:\Repo\NbToolsF\Niobium.Html\Niobium.Html\StringMatrix.cs
FN:14,System.Void Niobium.Html.StringMatrix::AddOneObject(T,System.Int32)
FNDA:0,System.Void Niobium.Html.StringMatrix::AddOneObject(T,System.Int32)
DA:15,0
FN:15,System.Void Niobium.Html.StringMatrix::AddOneObject(T)
FNDA:0,System.Void Niobium.Html.StringMatrix::AddOneObject(T)
DA:16,0
FN:17,System.Int32 Niobium.Html.StringMatrix::AddManyObjects(System.Collections.Generic.IEnumerable`1<T>)
FNDA:0,System.Int32 Niobium.Html.StringMatrix::AddManyObjects(System.Collections.Generic.IEnumerable`1<T>)
DA:18,0
DA:19,0
DA:20,0
DA:21,0
DA:22,0
DA:23,0
DA:24,0
DA:25,0
DA:26,0
BRDA:20,51,1,0
BRDA:20,51,0,0
FN:27,System.Void Niobium.Html.StringMatrix::AddRow(System.Collections.Generic.IEnumerable`1<System.ValueTuple`2<System.String,System.String>>)
FNDA:6,System.Void Niobium.Html.StringMatrix::AddRow(System.Collections.Generic.IEnumerable`1<System.ValueTuple`2<System.String,System.String>>)
DA:28,6
FN:28,System.Void Niobium.Html.StringMatrix::AddRow(System.Collections.Generic.IDictionary`2<System.String,System.String>)
FNDA:0,System.Void Niobium.Html.StringMatrix::AddRow(System.Collections.Generic.IDictionary`2<System.String,System.String>)
DA:29,0
FN:29,System.Void Niobium.Html.StringMatrix::AddRowIgnoreNulls(System.Collections.Generic.IEnumerable`1<System.ValueTuple`2<System.String,System.String>>)
FNDA:0,System.Void Niobium.Html.StringMatrix::AddRowIgnoreNulls(System.Collections.Generic.IEnumerable`1<System.ValueTuple`2<System.String,System.String>>)
DA:30,0
FN:56,System.Void Niobium.Html.StringMatrix::TrySplitDateTimeColumn(System.String,System.String,System.String)
FNDA:0,System.Void Niobium.Html.StringMatrix::TrySplitDateTimeColumn(System.String,System.String,System.String)
DA:57,0
DA:58,0
DA:59,0
DA:61,0
DA:62,0
DA:63,0
DA:65,0
DA:66,0
DA:67,0
DA:68,0
DA:69,0
DA:70,0
DA:71,0
DA:73,0
DA:74,0
DA:75,0
DA:76,0
DA:77,0
DA:78,0
DA:79,0
DA:80,0
DA:81,0
BRDA:59,46,1,0
BRDA:65,210,1,0
BRDA:67,131,0,0
BRDA:67,131,1,0
BRDA:65,210,0,0
BRDA:59,46,0,0
FN:85,System.Void Niobium.Html.StringMatrix::ToHtml(Niobium.Html.XTag,System.Func`3<Niobium.Html.StringMatrix,System.Int32,System.Boolean>)
FNDA:0,System.Void Niobium.Html.StringMatrix::ToHtml(Niobium.Html.XTag,System.Func`3<Niobium.Html.StringMatrix,System.Int32,System.Boolean>)
DA:86,0
DA:87,0
DA:88,0
DA:89,0
DA:90,0
DA:91,0
DA:92,0
DA:93,0
DA:94,0
DA:95,0
BRDA:89,159,1,0
BRDA:91,65,0,0
BRDA:91,65,1,0
BRDA:91,90,0,0
BRDA:91,90,1,0
BRDA:89,159,0,0
FN:97,Niobium.Html.ITag Niobium.Html.StringMatrix::ToHtml(Niobium.Html.XTag)
FNDA:1,Niobium.Html.ITag Niobium.Html.StringMatrix::ToHtml(Niobium.Html.XTag)
DA:98,1
DA:99,1
DA:100,1
DA:101,1
DA:102,6
DA:103,4
DA:104,1
DA:105,2
DA:107,1
DA:108,0
DA:109,0
DA:110,0
DA:111,0
DA:112,0
DA:113,0
DA:114,0
DA:115,0
DA:116,0
DA:117,0
DA:118,0
DA:119,0
DA:120,0
DA:121,1
DA:122,1
BRDA:107,66,0,0
BRDA:107,66,1,1
BRDA:102,123,1,2
BRDA:102,123,0,1
BRDA:114,182,1,0
BRDA:114,182,0,0
BRDA:116,29,0,0
BRDA:116,29,1,0
FN:125,Niobium.Html.ITag Niobium.Html.StringMatrix::HtmlHeaders(Niobium.Html.XTag)
FNDA:1,Niobium.Html.ITag Niobium.Html.StringMatrix::HtmlHeaders(Niobium.Html.XTag)
DA:126,1
DA:127,7
DA:128,2
DA:129,1
DA:130,1
BRDA:127,49,1,2
BRDA:127,49,0,1
FN:132,Niobium.Html.ITag Niobium.Html.StringMatrix::HtmlRow(Niobium.Html.XTag,System.Int32)
FNDA:2,Niobium.Html.ITag Niobium.Html.StringMatrix::HtmlRow(Niobium.Html.XTag,System.Int32)
DA:133,2
DA:134,14
DA:135,4
DA:136,4
DA:137,4
DA:138,4
DA:139,4
DA:140,4
DA:141,4
DA:142,4
DA:143,2
DA:144,4
DA:145,12
DA:146,4
DA:147,8
DA:148,4
DA:149,2
DA:150,2
BRDA:134,151,1,4
BRDA:134,151,0,2
BRDA:142,67,0,0
BRDA:142,67,1,4
BRDA:142,126,0,2
BRDA:142,126,1,4
FN:155,System.Void Niobium.Html.StringMatrix::LoadCsv(System.String)
FNDA:1,System.Void Niobium.Html.StringMatrix::LoadCsv(System.String)
DA:156,1
DA:157,1
DA:158,1
DA:159,1
FN:161,System.Void Niobium.Html.StringMatrix::LoadCsv(System.IO.FileInfo)
FNDA:0,System.Void Niobium.Html.StringMatrix::LoadCsv(System.IO.FileInfo)
DA:162,0
DA:163,0
DA:164,0
DA:165,0
FN:167,System.Void Niobium.Html.StringMatrix::LoadCsv(System.IO.TextReader)
FNDA:1,System.Void Niobium.Html.StringMatrix::LoadCsv(System.IO.TextReader)
DA:168,1
DA:169,1
DA:170,1
DA:171,1
DA:173,4
DA:174,3
DA:175,3
DA:176,3
DA:177,0
DA:179,3
DA:180,1
DA:181,1
DA:182,1
DA:185,2
DA:186,2
DA:187,1
BRDA:173,105,1,3
BRDA:176,32,1,3
BRDA:179,45,0,1
BRDA:179,45,1,2
BRDA:176,32,0,4
BRDA:173,105,0,1
FN:12,System.Void Niobium.Html.StringMatrix::.ctor(System.String[],System.String[],System.Func`2<System.Object,System.String>,System.Collections.Generic.Stack`1<System.String>,Niobium.Html.HtmlInterceptor`1<System.String>)
FNDA:2,System.Void Niobium.Html.StringMatrix::.ctor(System.String[],System.String[],System.Func`2<System.Object,System.String>,System.Collections.Generic.Stack`1<System.String>,Niobium.Html.HtmlInterceptor`1<System.String>)
DA:13,2
FN:34,System.Boolean Niobium.Html.StringMatrix/<>c::<GetProps>b__7_0(System.Reflection.PropertyInfo)
FNDA:0,System.Boolean Niobium.Html.StringMatrix/<>c::<GetProps>b__7_0(System.Reflection.PropertyInfo)
DA:35,0
FN:35,System.Boolean Niobium.Html.StringMatrix/<>c::<GetProps>b__7_1(System.Reflection.PropertyInfo)
FNDA:0,System.Boolean Niobium.Html.StringMatrix/<>c::<GetProps>b__7_1(System.Reflection.PropertyInfo)
DA:36,0
FN:32,System.Boolean Niobium.Html.StringMatrix/<GetProps>d__7::MoveNext()
FNDA:0,System.Boolean Niobium.Html.StringMatrix/<GetProps>d__7::MoveNext()
DA:33,0
DA:34,0
DA:37,0
DA:38,0
DA:39,0
DA:42,0
DA:44,0
DA:45,0
DA:46,0
DA:47,0
DA:48,0
DA:49,0
DA:50,0
DA:51,0
DA:52,0
DA:53,0
DA:54,0
BRDA:35,417,1,0
BRDA:38,217,1,0
BRDA:38,217,0,0
BRDA:35,417,0,0
LF:137
LH:55
BRF:40
BRH:16
FNF:18
FNH:7
end_of_record
SF:C:\Repo\NbToolsF\Niobium.Html\Niobium.Html\Properties\Resources.Designer.cs
FN:39,System.Resources.ResourceManager Niobium.Html.Properties.Resources::get_ResourceManager()
FNDA:0,System.Resources.ResourceManager Niobium.Html.Properties.Resources::get_ResourceManager()
DA:40,0
DA:41,0
DA:42,0
DA:43,0
DA:44,0
DA:45,0
DA:46,0
BRDA:41,11,0,0
BRDA:41,11,1,0
FN:54,System.Globalization.CultureInfo Niobium.Html.Properties.Resources::get_Culture()
FNDA:0,System.Globalization.CultureInfo Niobium.Html.Properties.Resources::get_Culture()
DA:55,0
DA:56,0
DA:57,0
FN:57,System.Void Niobium.Html.Properties.Resources::set_Culture(System.Globalization.CultureInfo)
FNDA:0,System.Void Niobium.Html.Properties.Resources::set_Culture(System.Globalization.CultureInfo)
DA:58,0
DA:59,0
DA:60,0
FN:78,System.String Niobium.Html.Properties.Resources::get_DefaultCss()
FNDA:0,System.String Niobium.Html.Properties.Resources::get_DefaultCss()
DA:79,0
DA:80,0
DA:81,0
FN:31,System.Void Niobium.Html.Properties.Resources::.ctor()
FNDA:0,System.Void Niobium.Html.Properties.Resources::.ctor()
DA:32,0
DA:33,0
LF:18
LH:0
BRF:2
BRH:0
FNF:5
FNH:0
end_of_record
SF:C:\Repo\NbToolsF\Niobium.Html\Niobium.Html\ATag.cs
FN:36,System.Void Niobium.Html.Async.TagExt/<A>d__12::MoveNext()
FNDA:7,System.Void Niobium.Html.Async.TagExt/<A>d__12::MoveNext()
DA:37,7
FN:30,System.Void Niobium.Html.Async.TagExt/<Empty>d__8::MoveNext()
FNDA:0,System.Void Niobium.Html.Async.TagExt/<Empty>d__8::MoveNext()
DA:31,0
FN:31,System.Void Niobium.Html.Async.TagExt/<Empty>d__9::MoveNext()
FNDA:16,System.Void Niobium.Html.Async.TagExt/<Empty>d__9::MoveNext()
DA:32,16
FN:18,System.Void Niobium.Html.Async.TagExt/<T>d__0::MoveNext()
FNDA:0,System.Void Niobium.Html.Async.TagExt/<T>d__0::MoveNext()
DA:19,0
FN:19,System.Void Niobium.Html.Async.TagExt/<T>d__1::MoveNext()
FNDA:5,System.Void Niobium.Html.Async.TagExt/<T>d__1::MoveNext()
DA:20,5
FN:21,System.Void Niobium.Html.Async.TagExt/<T>d__2::MoveNext()
FNDA:6,System.Void Niobium.Html.Async.TagExt/<T>d__2::MoveNext()
DA:22,6
FN:22,System.Void Niobium.Html.Async.TagExt/<T>d__3::MoveNext()
FNDA:1,System.Void Niobium.Html.Async.TagExt/<T>d__3::MoveNext()
DA:23,1
FN:24,System.Void Niobium.Html.Async.TagExt/<T>d__4::MoveNext()
FNDA:3,System.Void Niobium.Html.Async.TagExt/<T>d__4::MoveNext()
DA:25,3
FN:25,System.Void Niobium.Html.Async.TagExt/<T>d__5::MoveNext()
FNDA:2,System.Void Niobium.Html.Async.TagExt/<T>d__5::MoveNext()
DA:26,2
FN:33,System.Void Niobium.Html.Async.TagExt/<Text>d__10::MoveNext()
FNDA:1,System.Void Niobium.Html.Async.TagExt/<Text>d__10::MoveNext()
DA:34,1
FN:34,System.Void Niobium.Html.Async.TagExt/<Text>d__11::MoveNext()
FNDA:3,System.Void Niobium.Html.Async.TagExt/<Text>d__11::MoveNext()
DA:35,3
FN:27,System.Void Niobium.Html.Async.TagExt/<Ts>d__6::MoveNext()
FNDA:0,System.Void Niobium.Html.Async.TagExt/<Ts>d__6::MoveNext()
DA:28,0
FN:28,System.Void Niobium.Html.Async.TagExt/<Ts>d__7::MoveNext()
FNDA:0,System.Void Niobium.Html.Async.TagExt/<Ts>d__7::MoveNext()
DA:29,0
FN:64,System.Threading.Tasks.Task`1<Niobium.Html.Async.ATag> Niobium.Html.Async.ATag::Cls(Niobium.Html.NCssAttrib)
FNDA:0,System.Threading.Tasks.Task`1<Niobium.Html.Async.ATag> Niobium.Html.Async.ATag::Cls(Niobium.Html.NCssAttrib)
DA:65,0
DA:66,0
DA:67,0
DA:69,0
DA:70,0
DA:71,0
BRDA:66,10,0,0
BRDA:66,10,1,0
FN:84,System.Threading.Tasks.Task`1<Niobium.Html.Async.IATag> Niobium.Html.Async.ATag::script(System.Uri)
FNDA:4,System.Threading.Tasks.Task`1<Niobium.Html.Async.IATag> Niobium.Html.Async.ATag::script(System.Uri)
DA:85,4
FN:85,System.Threading.Tasks.Task`1<Niobium.Html.Async.IATag> Niobium.Html.Async.ATag::script(System.String)
FNDA:2,System.Threading.Tasks.Task`1<Niobium.Html.Async.IATag> Niobium.Html.Async.ATag::script(System.String)
DA:86,2
FN:90,System.Threading.Tasks.Task`1<Niobium.Html.Async.IATag> Niobium.Html.Async.ATag::Html(System.String)
FNDA:0,System.Threading.Tasks.Task`1<Niobium.Html.Async.IATag> Niobium.Html.Async.ATag::Html(System.String)
DA:91,0
FN:153,System.Void Niobium.Html.Async.ATag::Assert(Niobium.Html.Async.IATag)
FNDA:57,System.Void Niobium.Html.Async.ATag::Assert(Niobium.Html.Async.IATag)
DA:154,57
DA:155,57
DA:156,0
DA:157,57
BRDA:155,7,0,0
BRDA:155,7,1,57
FN:192,System.Void Niobium.Html.Async.ATag::SetSubtags(Niobium.Html.Async.ATag/TagContents)
FNDA:92,System.Void Niobium.Html.Async.ATag::SetSubtags(Niobium.Html.Async.ATag/TagContents)
DA:193,92
DA:194,92
DA:195,77
DA:196,92
BRDA:194,16,0,77
BRDA:194,16,1,92
FN:227,System.Threading.Tasks.Task`1<Niobium.Html.Async.IATag> Niobium.Html.Async.ATag::Empty()
FNDA:16,System.Threading.Tasks.Task`1<Niobium.Html.Async.IATag> Niobium.Html.Async.ATag::Empty()
DA:228,16
FN:55,System.Void Niobium.Html.Async.ATag::.ctor(System.IO.TextWriter,Niobium.Html.NHeader,System.Int32)
FNDA:15,System.Void Niobium.Html.Async.ATag::.ctor(System.IO.TextWriter,Niobium.Html.NHeader,System.Int32)
DA:56,15
DA:57,15
DA:58,15
DA:59,15
DA:60,15
DA:61,15
DA:62,15
BRDA:60,29,0,9
BRDA:60,29,1,15
FN:73,System.Void Niobium.Html.Async.ATag/<A>d__8::MoveNext()
FNDA:34,System.Void Niobium.Html.Async.ATag/<A>d__8::MoveNext()
DA:74,34
DA:75,34
DA:76,0
DA:79,34
DA:80,34
DA:81,34
BRDA:75,29,0,0
BRDA:75,29,1,34
FN:230,System.Void Niobium.Html.Async.ATag/<CloseAndIndent>d__20::MoveNext()
FNDA:104,System.Void Niobium.Html.Async.ATag/<CloseAndIndent>d__20::MoveNext()
DA:231,104
DA:232,104
DA:233,97
DA:234,478
DA:235,135
DA:236,104
BRDA:232,34,0,97
BRDA:232,34,1,104
BRDA:234,308,1,135
BRDA:234,308,0,104
FN:238,System.Void Niobium.Html.Async.ATag/<ClosingTag>d__21::MoveNext()
FNDA:38,System.Void Niobium.Html.Async.ATag/<ClosingTag>d__21::MoveNext()
DA:239,38
DA:240,38
DA:241,38
DA:242,38
FN:198,System.Void Niobium.Html.Async.ATag/<ClosingTagChoice>d__18::MoveNext()
FNDA:53,System.Void Niobium.Html.Async.ATag/<ClosingTagChoice>d__18::MoveNext()
DA:199,53
DA:201,53
DA:202,53
DA:205,16
DA:206,16
DA:209,28
DA:210,28
DA:211,28
DA:214,2
DA:215,2
DA:218,7
DA:219,7
DA:220,7
DA:223,0
DA:225,53
BRDA:202,114,1,16
BRDA:202,114,2,28
BRDA:202,114,3,2
BRDA:202,114,4,7
BRDA:202,114,0,0
FN:106,System.Void Niobium.Html.Async.ATag/<T>d__13::MoveNext()
FNDA:15,System.Void Niobium.Html.Async.ATag/<T>d__13::MoveNext()
DA:107,15
DA:108,15
DA:110,15
DA:111,14
DA:113,15
DA:114,15
DA:115,15
DA:117,15
DA:118,1
DA:120,15
DA:121,15
BRDA:110,92,0,14
BRDA:110,92,1,15
BRDA:114,345,0,6
BRDA:114,345,1,9
BRDA:117,614,0,1
BRDA:117,614,1,15
FN:124,System.Void Niobium.Html.Async.ATag/<T>d__14::MoveNext()
FNDA:67,System.Void Niobium.Html.Async.ATag/<T>d__14::MoveNext()
DA:125,67
DA:126,67
DA:128,67
DA:129,54
DA:131,67
DA:133,67
DA:134,53
DA:135,53
DA:136,53
DA:137,53
DA:138,53
DA:139,53
DA:142,53
DA:143,53
DA:145,14
DA:147,67
DA:148,13
DA:150,67
DA:151,67
BRDA:128,104,0,54
BRDA:128,104,1,67
BRDA:133,348,0,53
BRDA:133,348,1,14
BRDA:147,823,0,13
BRDA:147,823,1,67
FN:93,System.Void Niobium.Html.Async.ATag/<Text>d__12::MoveNext()
FNDA:10,System.Void Niobium.Html.Async.ATag/<Text>d__12::MoveNext()
DA:94,10
DA:95,10
DA:96,1
DA:98,9
DA:100,9
DA:101,9
DA:102,9
DA:103,9
DA:104,10
BRDA:95,40,0,1
BRDA:95,40,1,9
BRDA:100,85,0,2
BRDA:100,85,1,7
BRDA:102,223,0,7
BRDA:102,223,1,2
FN:159,System.Void Niobium.Html.Async.ATag/<Ts>d__16::MoveNext()
FNDA:1,System.Void Niobium.Html.Async.ATag/<Ts>d__16::MoveNext()
DA:160,1
DA:161,1
DA:163,1
DA:164,0
DA:166,1
DA:168,1
DA:169,1
DA:170,1
DA:171,11
DA:172,4
DA:173,4
DA:174,4
DA:175,4
DA:176,4
DA:177,4
DA:178,1
DA:180,1
DA:181,1
DA:182,1
DA:184,0
DA:186,1
DA:187,1
DA:189,1
DA:190,1
BRDA:163,113,0,0
BRDA:163,113,1,1
BRDA:168,351,0,0
BRDA:168,351,1,1
BRDA:168,365,0,1
BRDA:171,665,1,4
BRDA:171,665,0,1
BRDA:168,365,1,0
BRDA:186,1056,0,1
BRDA:186,1056,1,1
LF:132
LH:116
BRF:47
BRH:39
FNF:29
FNH:23
end_of_record